{"level":"error","message":"✘ Completions for node failed: Error: [Return]{0edbd5} at src/tematicas.wlk:-- exhausted all cases without a match [Return]{0edbd5} at src/tematicas.wlk:-- exhausted all cases without a match","stack":"Error: [Return]{0edbd5} at src/tematicas.wlk:-- exhausted all cases without a match\n    at /home/thiago/.vscode/extensions/uqbar.wollok-lsp-ide-0.3.6/out/server/src/server.js:38:6067\n    at yh (/home/thiago/.vscode/extensions/uqbar.wollok-lsp-ide-0.3.6/out/server/src/server.js:2291:42)\n    at kh (/home/thiago/.vscode/extensions/uqbar.wollok-lsp-ide-0.3.6/out/server/src/server.js:2291:1004)\n    at Y5n (/home/thiago/.vscode/extensions/uqbar.wollok-lsp-ide-0.3.6/out/server/src/server.js:2291:1160)\n    at /home/thiago/.vscode/extensions/uqbar.wollok-lsp-ide-0.3.6/out/server/src/server.js:38:6056\n    at yh (/home/thiago/.vscode/extensions/uqbar.wollok-lsp-ide-0.3.6/out/server/src/server.js:2291:42)\n    at /home/thiago/.vscode/extensions/uqbar.wollok-lsp-ide-0.3.6/out/server/src/server.js:2291:2700\n    at /home/thiago/.vscode/extensions/uqbar.wollok-lsp-ide-0.3.6/out/server/src/server.js:2298:3774\n    at /home/thiago/.vscode/extensions/uqbar.wollok-lsp-ide-0.3.6/out/server/src/server.js:37:74872\n    at Fe (/home/thiago/.vscode/extensions/uqbar.wollok-lsp-ide-0.3.6/out/server/src/server.js:7:8527)","timestamp":"2024-11-13T14:15:18.870Z"}
{"level":"info","message":"⌛ Building environment","timeElapsed":110,"timestamp":"2024-11-13T14:15:18.988Z"}
{"level":"info","message":"⌛ Validating src/tematicas.wlk","timeElapsed":228,"timestamp":"2024-11-13T14:15:19.220Z"}
{"level":"info","message":"onRequest - completionItem/resolve","timestamp":"2024-11-13T14:15:19.221Z"}
{"level":"info","message":"⌛ Building environment","timeElapsed":194,"timestamp":"2024-11-13T14:15:19.761Z"}
{"level":"info","message":"⌛ Validating src/tematicas.wlk","timeElapsed":297,"timestamp":"2024-11-13T14:15:20.060Z"}
{"level":"info","message":"⌛ Building environment","timeElapsed":196,"timestamp":"2024-11-13T14:15:20.258Z"}
{"level":"info","message":"⌛ Validating src/tematicas.wlk","timeElapsed":137,"timestamp":"2024-11-13T14:15:20.479Z"}
{"level":"info","message":"onRequest - completionItem/resolve","timestamp":"2024-11-13T14:15:20.481Z"}
{"level":"info","message":"⌛ Building environment","timeElapsed":197,"timestamp":"2024-11-13T14:15:22.676Z"}
{"level":"info","message":"onRequest - completionItem/resolve","timestamp":"2024-11-13T14:15:22.677Z"}
{"level":"info","message":"⌛ Validating src/tematicas.wlk","timeElapsed":326,"timestamp":"2024-11-13T14:15:23.005Z"}
{"level":"info","message":"onRequest - completionItem/resolve","timestamp":"2024-11-13T14:15:23.094Z"}
{"level":"info","message":"onRequest - completionItem/resolve","timestamp":"2024-11-13T14:15:23.193Z"}
{"level":"info","message":"⌛ Building environment","timeElapsed":116,"timestamp":"2024-11-13T14:15:23.310Z"}
{"level":"info","message":"onRequest - completionItem/resolve","timestamp":"2024-11-13T14:15:23.310Z"}
{"level":"info","message":"⌛ Building environment","timeElapsed":233,"timestamp":"2024-11-13T14:15:23.544Z"}
{"level":"info","message":"onRequest - completionItem/resolve","timestamp":"2024-11-13T14:15:23.545Z"}
{"level":"info","message":"⌛ Validating src/tematicas.wlk","timeElapsed":146,"timestamp":"2024-11-13T14:15:23.691Z"}
{"level":"info","message":"⌛ Building environment","timeElapsed":227,"timestamp":"2024-11-13T14:15:23.919Z"}
{"level":"info","message":"onRequest - completionItem/resolve","timestamp":"2024-11-13T14:15:23.920Z"}
{"level":"info","message":"⌛ Validating src/tematicas.wlk","timeElapsed":216,"timestamp":"2024-11-13T14:15:24.137Z"}
{"level":"info","message":"⌛ Validating src/tematicas.wlk","timeElapsed":216,"timestamp":"2024-11-13T14:15:24.353Z"}
{"level":"info","message":"⌛ Validating src/tematicas.wlk","timeElapsed":106,"timestamp":"2024-11-13T14:15:24.463Z"}
{"level":"info","message":"⌛ Validating src/tematicas.wlk","timeElapsed":247,"timestamp":"2024-11-13T14:15:24.710Z"}
{"level":"info","message":"onRequest - completionItem/resolve","timestamp":"2024-11-13T14:15:24.713Z"}
{"level":"info","message":"onRequest - completionItem/resolve","timestamp":"2024-11-13T14:15:24.810Z"}
{"level":"info","message":"onRequest - completionItem/resolve","timestamp":"2024-11-13T14:15:25.498Z"}
{"level":"info","message":"onRequest - completionItem/resolve","timestamp":"2024-11-13T14:15:26.046Z"}
{"level":"info","message":"⌛ Building environment","timeElapsed":194,"timestamp":"2024-11-13T14:15:26.894Z"}
{"level":"info","message":"⌛ Validating src/tematicas.wlk","timeElapsed":154,"timestamp":"2024-11-13T14:15:27.050Z"}
{"level":"info","message":"⌛ Building environment","timeElapsed":311,"timestamp":"2024-11-13T14:15:57.656Z"}
{"level":"info","message":"⌛ Building environment","timeElapsed":308,"timestamp":"2024-11-13T14:15:57.966Z"}
{"level":"error","message":"✘ Completions for node failed: Error: [Send]{bcae64} at src/tematicas.wlk:25 exhausted all cases without a match [Send]{bcae64} at src/tematicas.wlk:25 exhausted all cases without a match","stack":"Error: [Send]{bcae64} at src/tematicas.wlk:25 exhausted all cases without a match\n    at /home/thiago/.vscode/extensions/uqbar.wollok-lsp-ide-0.3.6/out/server/src/server.js:38:6067\n    at yh (/home/thiago/.vscode/extensions/uqbar.wollok-lsp-ide-0.3.6/out/server/src/server.js:2291:42)\n    at kh (/home/thiago/.vscode/extensions/uqbar.wollok-lsp-ide-0.3.6/out/server/src/server.js:2291:1004)\n    at Y5n (/home/thiago/.vscode/extensions/uqbar.wollok-lsp-ide-0.3.6/out/server/src/server.js:2291:1160)\n    at /home/thiago/.vscode/extensions/uqbar.wollok-lsp-ide-0.3.6/out/server/src/server.js:38:6056\n    at yh (/home/thiago/.vscode/extensions/uqbar.wollok-lsp-ide-0.3.6/out/server/src/server.js:2291:42)\n    at /home/thiago/.vscode/extensions/uqbar.wollok-lsp-ide-0.3.6/out/server/src/server.js:2291:2700\n    at /home/thiago/.vscode/extensions/uqbar.wollok-lsp-ide-0.3.6/out/server/src/server.js:2298:3774\n    at /home/thiago/.vscode/extensions/uqbar.wollok-lsp-ide-0.3.6/out/server/src/server.js:37:74872\n    at Fe (/home/thiago/.vscode/extensions/uqbar.wollok-lsp-ide-0.3.6/out/server/src/server.js:7:8527)","timestamp":"2024-11-13T14:15:58.085Z"}
{"level":"error","message":"✘ Completions for node failed: Error: [Return]{2ecfcf} at src/tematicas.wlk:-- exhausted all cases without a match [Return]{2ecfcf} at src/tematicas.wlk:-- exhausted all cases without a match","stack":"Error: [Return]{2ecfcf} at src/tematicas.wlk:-- exhausted all cases without a match\n    at /home/thiago/.vscode/extensions/uqbar.wollok-lsp-ide-0.3.6/out/server/src/server.js:38:6067\n    at yh (/home/thiago/.vscode/extensions/uqbar.wollok-lsp-ide-0.3.6/out/server/src/server.js:2291:42)\n    at kh (/home/thiago/.vscode/extensions/uqbar.wollok-lsp-ide-0.3.6/out/server/src/server.js:2291:1004)\n    at yh (/home/thiago/.vscode/extensions/uqbar.wollok-lsp-ide-0.3.6/out/server/src/server.js:2291:456)\n    at kh (/home/thiago/.vscode/extensions/uqbar.wollok-lsp-ide-0.3.6/out/server/src/server.js:2291:1004)\n    at Y5n (/home/thiago/.vscode/extensions/uqbar.wollok-lsp-ide-0.3.6/out/server/src/server.js:2291:1160)\n    at /home/thiago/.vscode/extensions/uqbar.wollok-lsp-ide-0.3.6/out/server/src/server.js:38:6056\n    at yh (/home/thiago/.vscode/extensions/uqbar.wollok-lsp-ide-0.3.6/out/server/src/server.js:2291:42)\n    at /home/thiago/.vscode/extensions/uqbar.wollok-lsp-ide-0.3.6/out/server/src/server.js:2291:2700\n    at /home/thiago/.vscode/extensions/uqbar.wollok-lsp-ide-0.3.6/out/server/src/server.js:2298:3774","timestamp":"2024-11-13T14:15:58.087Z"}
{"level":"info","message":"⌛ Validating src/tematicas.wlk","timeElapsed":244,"timestamp":"2024-11-13T14:15:58.346Z"}
{"level":"info","message":"⌛ Validating src/tematicas.wlk","timeElapsed":189,"timestamp":"2024-11-13T14:15:58.537Z"}
{"level":"info","message":"⌛ Building environment","timeElapsed":200,"timestamp":"2024-11-13T14:15:58.738Z"}
{"level":"info","message":"onRequest - completionItem/resolve","timestamp":"2024-11-13T14:15:58.739Z"}
{"level":"info","message":"⌛ Building environment","timeElapsed":215,"timestamp":"2024-11-13T14:15:58.955Z"}
{"level":"info","message":"onRequest - completionItem/resolve","timestamp":"2024-11-13T14:15:58.956Z"}
{"level":"info","message":"⌛ Building environment","timeElapsed":138,"timestamp":"2024-11-13T14:15:59.094Z"}
{"level":"info","message":"⌛ Building environment","timeElapsed":203,"timestamp":"2024-11-13T14:15:59.368Z"}
{"level":"info","message":"⌛ Building environment","timeElapsed":190,"timestamp":"2024-11-13T14:15:59.570Z"}
{"level":"info","message":"⌛ Validating src/tematicas.wlk","timeElapsed":121,"timestamp":"2024-11-13T14:15:59.692Z"}
{"level":"info","message":"⌛ Building environment","timeElapsed":135,"timestamp":"2024-11-13T14:15:59.909Z"}
{"level":"info","message":"⌛ Validating src/tematicas.wlk","timeElapsed":264,"timestamp":"2024-11-13T14:16:00.175Z"}
{"level":"info","message":"⌛ Building environment","timeElapsed":152,"timestamp":"2024-11-13T14:16:00.328Z"}
{"level":"info","message":"⌛ Validating src/tematicas.wlk","timeElapsed":246,"timestamp":"2024-11-13T14:16:00.576Z"}
{"level":"info","message":"onRequest - completionItem/resolve","timestamp":"2024-11-13T14:16:00.673Z"}
{"level":"info","message":"⌛ Building environment","timeElapsed":125,"timestamp":"2024-11-13T14:16:00.798Z"}
{"level":"info","message":"onRequest - completionItem/resolve","timestamp":"2024-11-13T14:16:00.799Z"}
{"level":"info","message":"⌛ Validating src/tematicas.wlk","timeElapsed":201,"timestamp":"2024-11-13T14:16:01.001Z"}
{"level":"info","message":"onRequest - completionItem/resolve","timestamp":"2024-11-13T14:16:01.096Z"}
{"level":"info","message":"⌛ Validating src/tematicas.wlk","timeElapsed":222,"timestamp":"2024-11-13T14:16:01.319Z"}
{"level":"info","message":"⌛ Validating src/tematicas.wlk","timeElapsed":101,"timestamp":"2024-11-13T14:16:01.420Z"}
{"level":"info","message":"⌛ Validating src/tematicas.wlk","timeElapsed":108,"timestamp":"2024-11-13T14:16:01.532Z"}
{"level":"info","message":"onRequest - completionItem/resolve","timestamp":"2024-11-13T14:16:01.532Z"}
{"level":"info","message":"⌛ Validating src/tematicas.wlk","timeElapsed":126,"timestamp":"2024-11-13T14:16:01.757Z"}
{"level":"info","message":"⌛ Validating src/tematicas.wlk","timeElapsed":108,"timestamp":"2024-11-13T14:16:01.865Z"}
{"level":"info","message":"⌛ Validating src/tematicas.wlk","timeElapsed":104,"timestamp":"2024-11-13T14:16:02.070Z"}
{"level":"info","message":"⌛ Validating src/tematicas.wlk","timeElapsed":183,"timestamp":"2024-11-13T14:16:02.254Z"}
{"level":"info","message":"⌛ Building environment","timeElapsed":189,"timestamp":"2024-11-13T14:16:03.580Z"}
{"level":"info","message":"⌛ Validating src/tematicas.wlk","timeElapsed":273,"timestamp":"2024-11-13T14:16:03.863Z"}
{"level":"info","message":"⌛ Building environment","timeElapsed":214,"timestamp":"2024-11-13T14:16:04.079Z"}
{"level":"info","message":"⌛ Validating src/tematicas.wlk","timeElapsed":162,"timestamp":"2024-11-13T14:16:04.250Z"}
{"level":"info","message":"⌛ Building environment","timeElapsed":175,"timestamp":"2024-11-13T14:16:04.426Z"}
{"level":"info","message":"⌛ Building environment","timeElapsed":228,"timestamp":"2024-11-13T14:16:13.611Z"}
{"level":"info","message":"⌛ Validating src/panelistas.wlk","timeElapsed":181,"timestamp":"2024-11-13T14:16:13.794Z"}
{"level":"info","message":"⌛ Validating src/panelistas.wlk","timeElapsed":117,"timestamp":"2024-11-13T14:16:13.998Z"}
{"level":"info","message":"⌛ Validating src/panelistas.wlk","timeElapsed":114,"timestamp":"2024-11-13T14:16:14.194Z"}
{"level":"info","message":"⌛ Building environment","timeElapsed":215,"timestamp":"2024-11-13T14:16:14.452Z"}
{"level":"info","message":"⌛ Building environment","timeElapsed":149,"timestamp":"2024-11-13T14:16:14.614Z"}
{"level":"info","message":"⌛ Validating src/panelistas.wlk","timeElapsed":289,"timestamp":"2024-11-13T14:16:14.904Z"}
{"level":"info","message":"⌛ Building environment","timeElapsed":152,"timestamp":"2024-11-13T14:16:15.059Z"}
{"level":"info","message":"⌛ Validating src/panelistas.wlk","timeElapsed":118,"timestamp":"2024-11-13T14:16:15.178Z"}
{"level":"info","message":"⌛ Building environment","timeElapsed":168,"timestamp":"2024-11-13T14:16:15.346Z"}
{"level":"info","message":"⌛ Building environment","timeElapsed":215,"timestamp":"2024-11-13T14:16:15.563Z"}
{"level":"info","message":"⌛ Building environment","timeElapsed":254,"timestamp":"2024-11-13T14:16:15.818Z"}
{"level":"info","message":"⌛ Building environment","timeElapsed":207,"timestamp":"2024-11-13T14:16:16.044Z"}
{"level":"info","message":"⌛ Validating src/panelistas.wlk","timeElapsed":225,"timestamp":"2024-11-13T14:16:16.270Z"}
{"level":"info","message":"⌛ Building environment","timeElapsed":116,"timestamp":"2024-11-13T14:16:16.387Z"}
{"level":"info","message":"⌛ Building environment","timeElapsed":159,"timestamp":"2024-11-13T14:16:16.546Z"}
{"level":"info","message":"⌛ Validating src/panelistas.wlk","timeElapsed":118,"timestamp":"2024-11-13T14:16:16.758Z"}
{"level":"info","message":"⌛ Validating src/panelistas.wlk","timeElapsed":226,"timestamp":"2024-11-13T14:16:17.172Z"}
{"level":"info","message":"⌛ Building environment","timeElapsed":205,"timestamp":"2024-11-13T14:16:17.378Z"}
{"level":"info","message":"⌛ Building environment","timeElapsed":161,"timestamp":"2024-11-13T14:16:17.542Z"}
{"level":"info","message":"⌛ Validating src/panelistas.wlk","timeElapsed":253,"timestamp":"2024-11-13T14:16:17.796Z"}
{"level":"info","message":"⌛ Building environment","timeElapsed":154,"timestamp":"2024-11-13T14:16:17.951Z"}
{"level":"info","message":"⌛ Validating src/panelistas.wlk","timeElapsed":205,"timestamp":"2024-11-13T14:16:18.157Z"}
{"level":"info","message":"⌛ Building environment","timeElapsed":172,"timestamp":"2024-11-13T14:16:18.495Z"}
{"level":"info","message":"⌛ Validating src/panelistas.wlk","timeElapsed":246,"timestamp":"2024-11-13T14:16:18.743Z"}
{"level":"info","message":"⌛ Building environment","timeElapsed":193,"timestamp":"2024-11-13T14:16:18.937Z"}
{"level":"info","message":"⌛ Validating src/panelistas.wlk","timeElapsed":237,"timestamp":"2024-11-13T14:16:19.176Z"}
{"level":"info","message":"⌛ Validating src/panelistas.wlk","timeElapsed":218,"timestamp":"2024-11-13T14:16:19.394Z"}
{"level":"info","message":"⌛ Building environment","timeElapsed":217,"timestamp":"2024-11-13T14:16:19.613Z"}
{"level":"info","message":"⌛ Building environment","timeElapsed":152,"timestamp":"2024-11-13T14:16:19.766Z"}
{"level":"info","message":"⌛ Validating src/panelistas.wlk","timeElapsed":105,"timestamp":"2024-11-13T14:16:19.872Z"}
{"level":"info","message":"⌛ Validating src/panelistas.wlk","timeElapsed":117,"timestamp":"2024-11-13T14:16:20.075Z"}
{"level":"info","message":"⌛ Building environment","timeElapsed":214,"timestamp":"2024-11-13T14:16:20.364Z"}
{"level":"info","message":"⌛ Validating src/panelistas.wlk","timeElapsed":115,"timestamp":"2024-11-13T14:16:20.676Z"}
{"level":"info","message":"⌛ Building environment","timeElapsed":141,"timestamp":"2024-11-13T14:16:20.817Z"}
{"level":"info","message":"⌛ Validating src/panelistas.wlk","timeElapsed":148,"timestamp":"2024-11-13T14:16:20.966Z"}
{"level":"info","message":"⌛ Building environment","timeElapsed":175,"timestamp":"2024-11-13T14:16:21.142Z"}
{"level":"info","message":"⌛ Building environment","timeElapsed":137,"timestamp":"2024-11-13T14:16:21.281Z"}
{"level":"info","message":"⌛ Building environment","timeElapsed":267,"timestamp":"2024-11-13T14:16:21.550Z"}
{"level":"info","message":"⌛ Building environment","timeElapsed":195,"timestamp":"2024-11-13T14:16:21.745Z"}
{"level":"info","message":"⌛ Building environment","timeElapsed":165,"timestamp":"2024-11-13T14:16:22.010Z"}
{"level":"info","message":"⌛ Validating src/panelistas.wlk","timeElapsed":171,"timestamp":"2024-11-13T14:16:22.181Z"}
{"level":"info","message":"⌛ Validating src/panelistas.wlk","timeElapsed":169,"timestamp":"2024-11-13T14:16:22.351Z"}
{"level":"info","message":"⌛ Building environment","timeElapsed":175,"timestamp":"2024-11-13T14:16:22.698Z"}
{"level":"info","message":"⌛ Building environment","timeElapsed":173,"timestamp":"2024-11-13T14:16:22.882Z"}
{"level":"info","message":"⌛ Validating src/panelistas.wlk","timeElapsed":215,"timestamp":"2024-11-13T14:16:23.103Z"}
{"level":"info","message":"⌛ Building environment","timeElapsed":127,"timestamp":"2024-11-13T14:16:23.230Z"}
{"level":"info","message":"⌛ Building environment","timeElapsed":157,"timestamp":"2024-11-13T14:16:23.552Z"}
{"level":"info","message":"⌛ Building environment","timeElapsed":147,"timestamp":"2024-11-13T14:16:23.708Z"}
{"level":"info","message":"⌛ Validating src/panelistas.wlk","timeElapsed":102,"timestamp":"2024-11-13T14:16:23.976Z"}
{"level":"info","message":"⌛ Validating src/panelistas.wlk","timeElapsed":184,"timestamp":"2024-11-13T14:16:24.262Z"}
{"level":"info","message":"⌛ Validating src/panelistas.wlk","timeElapsed":107,"timestamp":"2024-11-13T14:16:24.440Z"}
{"level":"info","message":"⌛ Building environment","timeElapsed":117,"timestamp":"2024-11-13T14:16:24.626Z"}
{"level":"info","message":"⌛ Building environment","timeElapsed":205,"timestamp":"2024-11-13T14:16:24.833Z"}
{"level":"info","message":"⌛ Validating src/panelistas.wlk","timeElapsed":150,"timestamp":"2024-11-13T14:16:24.983Z"}
{"level":"info","message":"⌛ Building environment","timeElapsed":149,"timestamp":"2024-11-13T14:16:25.134Z"}
{"level":"info","message":"⌛ Validating src/panelistas.wlk","timeElapsed":110,"timestamp":"2024-11-13T14:16:25.419Z"}
{"level":"info","message":"⌛ Building environment","timeElapsed":173,"timestamp":"2024-11-13T14:16:25.593Z"}
{"level":"info","message":"⌛ Validating src/panelistas.wlk","timeElapsed":155,"timestamp":"2024-11-13T14:16:25.750Z"}
{"level":"info","message":"⌛ Validating src/panelistas.wlk","timeElapsed":103,"timestamp":"2024-11-13T14:16:25.927Z"}
{"level":"info","message":"⌛ Validating src/panelistas.wlk","timeElapsed":206,"timestamp":"2024-11-13T14:16:26.468Z"}
{"level":"info","message":"⌛ Validating src/panelistas.wlk","timeElapsed":199,"timestamp":"2024-11-13T14:16:26.756Z"}
{"level":"info","message":"⌛ Validating src/panelistas.wlk","timeElapsed":199,"timestamp":"2024-11-13T14:16:27.776Z"}
{"level":"info","message":"⌛ Building environment","timeElapsed":305,"timestamp":"2024-11-13T14:16:39.562Z"}
{"level":"info","message":"⌛ Building environment","timeElapsed":223,"timestamp":"2024-11-13T14:16:39.787Z"}
{"level":"info","message":"⌛ Building environment","timeElapsed":110,"timestamp":"2024-11-13T14:16:39.898Z"}
{"level":"info","message":"⌛ Validating src/panelistas.wlk","timeElapsed":178,"timestamp":"2024-11-13T14:16:40.077Z"}
{"level":"info","message":"⌛ Building environment","timeElapsed":102,"timestamp":"2024-11-13T14:16:40.181Z"}
{"level":"info","message":"⌛ Validating src/panelistas.wlk","timeElapsed":104,"timestamp":"2024-11-13T14:16:40.382Z"}
{"level":"info","message":"⌛ Validating src/panelistas.wlk","timeElapsed":110,"timestamp":"2024-11-13T14:16:40.589Z"}
{"level":"info","message":"⌛ Building environment","timeElapsed":112,"timestamp":"2024-11-13T14:16:40.796Z"}
{"level":"info","message":"⌛ Validating src/panelistas.wlk","timeElapsed":110,"timestamp":"2024-11-13T14:16:41.171Z"}
{"level":"info","message":"⌛ Validating src/panelistas.wlk","timeElapsed":119,"timestamp":"2024-11-13T14:16:41.450Z"}
{"level":"info","message":"⌛ Building environment","timeElapsed":108,"timestamp":"2024-11-13T14:16:41.559Z"}
{"level":"info","message":"⌛ Building environment","timeElapsed":125,"timestamp":"2024-11-13T14:16:41.685Z"}
{"level":"info","message":"⌛ Validating src/panelistas.wlk","timeElapsed":112,"timestamp":"2024-11-13T14:16:41.797Z"}
{"level":"info","message":"⌛ Building environment","timeElapsed":125,"timestamp":"2024-11-13T14:16:42.006Z"}
{"level":"info","message":"⌛ Validating src/panelistas.wlk","timeElapsed":114,"timestamp":"2024-11-13T14:16:42.121Z"}
{"level":"info","message":"⌛ Validating src/panelistas.wlk","timeElapsed":108,"timestamp":"2024-11-13T14:16:42.392Z"}
{"level":"info","message":"⌛ Validating src/panelistas.wlk","timeElapsed":305,"timestamp":"2024-11-13T14:16:42.960Z"}
{"level":"info","message":"⌛ Building environment","timeElapsed":206,"timestamp":"2024-11-13T14:16:43.166Z"}
{"level":"info","message":"⌛ Validating src/panelistas.wlk","timeElapsed":279,"timestamp":"2024-11-13T14:16:43.446Z"}
{"level":"info","message":"⌛ Building environment","timeElapsed":186,"timestamp":"2024-11-13T14:16:43.633Z"}
{"level":"info","message":"⌛ Building environment","timeElapsed":132,"timestamp":"2024-11-13T14:16:43.767Z"}
{"level":"info","message":"⌛ Building environment","timeElapsed":149,"timestamp":"2024-11-13T14:16:43.917Z"}
{"level":"info","message":"⌛ Validating src/panelistas.wlk","timeElapsed":139,"timestamp":"2024-11-13T14:16:44.058Z"}
{"level":"info","message":"⌛ Building environment","timeElapsed":230,"timestamp":"2024-11-13T14:16:44.289Z"}
{"level":"info","message":"⌛ Building environment","timeElapsed":188,"timestamp":"2024-11-13T14:16:44.478Z"}
{"level":"info","message":"⌛ Validating src/panelistas.wlk","timeElapsed":116,"timestamp":"2024-11-13T14:16:44.594Z"}
{"level":"info","message":"⌛ Building environment","timeElapsed":126,"timestamp":"2024-11-13T14:16:44.722Z"}
{"level":"info","message":"⌛ Validating src/panelistas.wlk","timeElapsed":104,"timestamp":"2024-11-13T14:16:44.902Z"}
{"level":"info","message":"⌛ Building environment","timeElapsed":464,"timestamp":"2024-11-13T14:16:45.533Z"}
{"level":"info","message":"⌛ Validating src/panelistas.wlk","timeElapsed":186,"timestamp":"2024-11-13T14:16:45.719Z"}
{"level":"info","message":"⌛ Validating src/panelistas.wlk","timeElapsed":198,"timestamp":"2024-11-13T14:16:46.001Z"}
{"level":"info","message":"⌛ Building environment","timeElapsed":103,"timestamp":"2024-11-13T14:16:46.265Z"}
{"level":"info","message":"⌛ Validating src/panelistas.wlk","timeElapsed":226,"timestamp":"2024-11-13T14:16:46.492Z"}
{"level":"info","message":"⌛ Validating src/panelistas.wlk","timeElapsed":183,"timestamp":"2024-11-13T14:16:46.855Z"}
{"level":"info","message":"⌛ Building environment","timeElapsed":192,"timestamp":"2024-11-13T14:16:47.303Z"}
{"level":"info","message":"⌛ Validating src/panelistas.wlk","timeElapsed":113,"timestamp":"2024-11-13T14:16:47.417Z"}
{"level":"info","message":"⌛ Validating src/panelistas.wlk","timeElapsed":187,"timestamp":"2024-11-13T14:16:47.605Z"}
{"level":"info","message":"⌛ Validating src/panelistas.wlk","timeElapsed":218,"timestamp":"2024-11-13T14:16:47.831Z"}
{"level":"info","message":"⌛ Validating src/panelistas.wlk","timeElapsed":104,"timestamp":"2024-11-13T14:16:48.171Z"}
{"level":"info","message":"⌛ Building environment","timeElapsed":223,"timestamp":"2024-11-13T14:16:54.717Z"}
{"level":"info","message":"⌛ Validating src/panelistas.wlk","timeElapsed":127,"timestamp":"2024-11-13T14:16:54.846Z"}
{"level":"info","message":"⌛ Building environment","timeElapsed":216,"timestamp":"2024-11-13T14:17:00.396Z"}
{"level":"info","message":"⌛ Validating src/panelistas.wlk","timeElapsed":232,"timestamp":"2024-11-13T14:17:00.632Z"}
{"level":"info","message":"⌛ Building environment","timeElapsed":223,"timestamp":"2024-11-13T14:17:00.855Z"}
{"level":"info","message":"⌛ Validating src/panelistas.wlk","timeElapsed":192,"timestamp":"2024-11-13T14:17:01.056Z"}
{"level":"info","message":"⌛ Building environment","timeElapsed":195,"timestamp":"2024-11-13T14:17:05.154Z"}
{"level":"info","message":"⌛ Building environment","timeElapsed":228,"timestamp":"2024-11-13T14:17:05.383Z"}
{"level":"info","message":"⌛ Validating src/panelistas.wlk","timeElapsed":224,"timestamp":"2024-11-13T14:17:05.608Z"}
{"level":"info","message":"⌛ Building environment","timeElapsed":215,"timestamp":"2024-11-13T14:17:10.323Z"}
{"level":"info","message":"⌛ Validating src/panelistas.wlk","timeElapsed":150,"timestamp":"2024-11-13T14:17:10.476Z"}
{"level":"info","message":"⌛ Building environment","timeElapsed":363,"timestamp":"2024-11-13T14:19:02.493Z"}
{"level":"info","message":"⌛ Validating src/tematicas.wlk","timeElapsed":239,"timestamp":"2024-11-13T14:19:02.743Z"}
{"level":"info","message":"⌛ Building environment","timeElapsed":234,"timestamp":"2024-11-13T14:19:02.997Z"}
{"level":"info","message":"⌛ Validating src/tematicas.wlk","timeElapsed":324,"timestamp":"2024-11-13T14:19:03.338Z"}
{"level":"info","message":"⌛ Building environment","timeElapsed":213,"timestamp":"2024-11-13T14:19:03.733Z"}
{"level":"info","message":"⌛ Validating src/tematicas.wlk","timeElapsed":176,"timestamp":"2024-11-13T14:19:03.923Z"}
{"level":"info","message":"⌛ Building environment","timeElapsed":321,"timestamp":"2024-11-13T14:21:22.180Z"}
{"level":"info","message":"⌛ Validating src/panelistas.wlk","timeElapsed":222,"timestamp":"2024-11-13T14:21:22.405Z"}
{"level":"info","message":"⌛ Building environment","timeElapsed":294,"timestamp":"2024-11-13T14:24:51.714Z"}
{"level":"info","message":"⌛ Building environment","timeElapsed":264,"timestamp":"2024-11-13T14:24:51.980Z"}
{"level":"info","message":"⌛ Validating src/panelistas.wlk","timeElapsed":274,"timestamp":"2024-11-13T14:24:52.264Z"}
{"level":"info","message":"⌛ Validating src/panelistas.wlk","timeElapsed":136,"timestamp":"2024-11-13T14:24:52.413Z"}
{"level":"info","message":"⌛ Building environment","timeElapsed":261,"timestamp":"2024-11-13T14:24:53.415Z"}
{"level":"info","message":"⌛ Building environment","timeElapsed":164,"timestamp":"2024-11-13T14:24:53.581Z"}
{"level":"info","message":"⌛ Validating src/panelistas.wlk","timeElapsed":248,"timestamp":"2024-11-13T14:24:53.830Z"}
{"level":"info","message":"⌛ Validating src/panelistas.wlk","timeElapsed":306,"timestamp":"2024-11-13T14:24:54.138Z"}
{"level":"info","message":"⌛ Building environment","timeElapsed":260,"timestamp":"2024-11-13T14:24:54.512Z"}
{"level":"info","message":"⌛ Validating src/panelistas.wlk","timeElapsed":367,"timestamp":"2024-11-13T14:24:54.884Z"}
{"level":"info","message":"⌛ Building environment","timeElapsed":249,"timestamp":"2024-11-13T14:25:03.352Z"}
{"level":"info","message":"⌛ Validating src/panelistas.wlk","timeElapsed":312,"timestamp":"2024-11-13T14:25:03.668Z"}
{"level":"info","message":"⌛ Validating src/panelistas.wlk","timeElapsed":133,"timestamp":"2024-11-13T14:25:03.992Z"}
{"level":"info","message":"⌛ Validating src/panelistas.wlk","timeElapsed":107,"timestamp":"2024-11-13T14:25:04.100Z"}
{"level":"info","message":"⌛ Building environment","timeElapsed":107,"timestamp":"2024-11-13T14:25:04.211Z"}
{"level":"info","message":"⌛ Validating src/panelistas.wlk","timeElapsed":124,"timestamp":"2024-11-13T14:25:04.336Z"}
{"level":"info","message":"⌛ Validating src/panelistas.wlk","timeElapsed":111,"timestamp":"2024-11-13T14:25:04.524Z"}
{"level":"info","message":"⌛ Building environment","timeElapsed":110,"timestamp":"2024-11-13T14:25:04.716Z"}
{"level":"info","message":"⌛ Validating src/panelistas.wlk","timeElapsed":132,"timestamp":"2024-11-13T14:25:04.850Z"}
{"level":"info","message":"⌛ Validating src/panelistas.wlk","timeElapsed":117,"timestamp":"2024-11-13T14:25:05.041Z"}
{"level":"info","message":"⌛ Building environment","timeElapsed":160,"timestamp":"2024-11-13T14:25:05.289Z"}
{"level":"info","message":"⌛ Validating src/panelistas.wlk","timeElapsed":167,"timestamp":"2024-11-13T14:25:05.458Z"}
{"level":"info","message":"⌛ Building environment","timeElapsed":110,"timestamp":"2024-11-13T14:25:05.649Z"}
{"level":"info","message":"⌛ Building environment","timeElapsed":190,"timestamp":"2024-11-13T14:25:05.839Z"}
{"level":"info","message":"⌛ Validating src/panelistas.wlk","timeElapsed":102,"timestamp":"2024-11-13T14:25:05.942Z"}
{"level":"info","message":"⌛ Building environment","timeElapsed":121,"timestamp":"2024-11-13T14:25:06.064Z"}
{"level":"info","message":"⌛ Building environment","timeElapsed":155,"timestamp":"2024-11-13T14:25:06.221Z"}
{"level":"info","message":"⌛ Validating src/panelistas.wlk","timeElapsed":222,"timestamp":"2024-11-13T14:25:06.444Z"}
{"level":"info","message":"⌛ Building environment","timeElapsed":110,"timestamp":"2024-11-13T14:25:06.728Z"}
{"level":"info","message":"⌛ Validating src/panelistas.wlk","timeElapsed":295,"timestamp":"2024-11-13T14:25:07.025Z"}
{"level":"info","message":"⌛ Validating src/panelistas.wlk","timeElapsed":112,"timestamp":"2024-11-13T14:25:07.301Z"}
{"level":"info","message":"⌛ Building environment","timeElapsed":204,"timestamp":"2024-11-13T14:25:07.507Z"}
{"level":"info","message":"⌛ Validating src/panelistas.wlk","timeElapsed":134,"timestamp":"2024-11-13T14:25:07.650Z"}
{"level":"info","message":"⌛ Building environment","timeElapsed":159,"timestamp":"2024-11-13T14:25:07.809Z"}
{"level":"info","message":"⌛ Validating src/panelistas.wlk","timeElapsed":243,"timestamp":"2024-11-13T14:25:08.053Z"}
{"level":"info","message":"⌛ Building environment","timeElapsed":173,"timestamp":"2024-11-13T14:25:08.230Z"}
{"level":"info","message":"⌛ Validating src/panelistas.wlk","timeElapsed":239,"timestamp":"2024-11-13T14:25:08.470Z"}
{"level":"info","message":"⌛ Building environment","timeElapsed":135,"timestamp":"2024-11-13T14:25:08.676Z"}
{"level":"info","message":"⌛ Validating src/panelistas.wlk","timeElapsed":117,"timestamp":"2024-11-13T14:25:08.883Z"}
{"level":"info","message":"⌛ Validating src/panelistas.wlk","timeElapsed":264,"timestamp":"2024-11-13T14:25:09.321Z"}
{"level":"info","message":"⌛ Building environment","timeElapsed":260,"timestamp":"2024-11-13T14:25:09.582Z"}
{"level":"info","message":"⌛ Building environment","timeElapsed":191,"timestamp":"2024-11-13T14:25:09.775Z"}
{"level":"info","message":"⌛ Building environment","timeElapsed":142,"timestamp":"2024-11-13T14:25:10.199Z"}
{"level":"info","message":"⌛ Building environment","timeElapsed":183,"timestamp":"2024-11-13T14:25:10.383Z"}
{"level":"info","message":"⌛ Validating src/panelistas.wlk","timeElapsed":188,"timestamp":"2024-11-13T14:25:10.572Z"}
{"level":"info","message":"⌛ Building environment","timeElapsed":162,"timestamp":"2024-11-13T14:25:10.737Z"}
{"level":"info","message":"⌛ Building environment","timeElapsed":210,"timestamp":"2024-11-13T14:25:10.960Z"}
{"level":"info","message":"⌛ Validating src/panelistas.wlk","timeElapsed":125,"timestamp":"2024-11-13T14:25:11.085Z"}
{"level":"info","message":"⌛ Building environment","timeElapsed":128,"timestamp":"2024-11-13T14:25:11.301Z"}
{"level":"info","message":"⌛ Validating src/panelistas.wlk","timeElapsed":105,"timestamp":"2024-11-13T14:25:11.578Z"}
{"level":"info","message":"⌛ Building environment","timeElapsed":115,"timestamp":"2024-11-13T14:25:11.695Z"}
{"level":"info","message":"⌛ Validating src/panelistas.wlk","timeElapsed":140,"timestamp":"2024-11-13T14:25:11.835Z"}
{"level":"info","message":"⌛ Building environment","timeElapsed":145,"timestamp":"2024-11-13T14:25:11.982Z"}
{"level":"info","message":"⌛ Validating src/panelistas.wlk","timeElapsed":163,"timestamp":"2024-11-13T14:25:12.156Z"}
{"level":"info","message":"⌛ Validating src/panelistas.wlk","timeElapsed":106,"timestamp":"2024-11-13T14:25:12.581Z"}
{"level":"info","message":"⌛ Validating src/panelistas.wlk","timeElapsed":112,"timestamp":"2024-11-13T14:25:12.954Z"}
{"level":"info","message":"⌛ Building environment","timeElapsed":157,"timestamp":"2024-11-13T14:25:13.291Z"}
{"level":"info","message":"⌛ Building environment","timeElapsed":180,"timestamp":"2024-11-13T14:25:13.481Z"}
{"level":"info","message":"⌛ Validating src/panelistas.wlk","timeElapsed":118,"timestamp":"2024-11-13T14:25:13.608Z"}
{"level":"info","message":"⌛ Validating src/panelistas.wlk","timeElapsed":113,"timestamp":"2024-11-13T14:25:13.818Z"}
{"level":"info","message":"⌛ Building environment","timeElapsed":110,"timestamp":"2024-11-13T14:25:13.930Z"}
{"level":"info","message":"⌛ Validating src/panelistas.wlk","timeElapsed":105,"timestamp":"2024-11-13T14:25:14.145Z"}
{"level":"info","message":"⌛ Building environment","timeElapsed":165,"timestamp":"2024-11-13T14:25:14.384Z"}
{"level":"info","message":"⌛ Validating src/panelistas.wlk","timeElapsed":102,"timestamp":"2024-11-13T14:25:14.645Z"}
{"level":"info","message":"⌛ Validating src/panelistas.wlk","timeElapsed":101,"timestamp":"2024-11-13T14:25:14.820Z"}
{"level":"info","message":"⌛ Validating src/panelistas.wlk","timeElapsed":174,"timestamp":"2024-11-13T14:25:15.084Z"}
{"level":"info","message":"⌛ Validating src/panelistas.wlk","timeElapsed":145,"timestamp":"2024-11-13T14:25:15.231Z"}
{"level":"info","message":"⌛ Validating src/panelistas.wlk","timeElapsed":124,"timestamp":"2024-11-13T14:25:15.359Z"}
{"level":"info","message":"⌛ Validating src/panelistas.wlk","timeElapsed":143,"timestamp":"2024-11-13T14:25:16.174Z"}
{"level":"info","message":"⌛ Validating src/panelistas.wlk","timeElapsed":300,"timestamp":"2024-11-13T14:25:16.476Z"}
{"level":"info","message":"⌛ Building environment","timeElapsed":333,"timestamp":"2024-11-13T14:25:23.250Z"}
{"level":"error","message":"✘ Completions for node failed: Error: [Parameter]{506670} at src/panelistas.wlk:27 exhausted all cases without a match [Parameter]{506670} at src/panelistas.wlk:27 exhausted all cases without a match","stack":"Error: [Parameter]{506670} at src/panelistas.wlk:27 exhausted all cases without a match\n    at /home/thiago/.vscode/extensions/uqbar.wollok-lsp-ide-0.3.6/out/server/src/server.js:38:6067\n    at yh (/home/thiago/.vscode/extensions/uqbar.wollok-lsp-ide-0.3.6/out/server/src/server.js:2291:42)\n    at /home/thiago/.vscode/extensions/uqbar.wollok-lsp-ide-0.3.6/out/server/src/server.js:2291:2700\n    at /home/thiago/.vscode/extensions/uqbar.wollok-lsp-ide-0.3.6/out/server/src/server.js:2298:3774\n    at /home/thiago/.vscode/extensions/uqbar.wollok-lsp-ide-0.3.6/out/server/src/server.js:37:74872\n    at Fe (/home/thiago/.vscode/extensions/uqbar.wollok-lsp-ide-0.3.6/out/server/src/server.js:7:8527)\n    at Pt (/home/thiago/.vscode/extensions/uqbar.wollok-lsp-ide-0.3.6/out/server/src/server.js:7:6189)\n    at Gi (/home/thiago/.vscode/extensions/uqbar.wollok-lsp-ide-0.3.6/out/server/src/server.js:7:6378)\n    at Immediate._onImmediate (/home/thiago/.vscode/extensions/uqbar.wollok-lsp-ide-0.3.6/out/server/src/server.js:7:6142)\n    at process.processImmediate (node:internal/timers:483:21)","timestamp":"2024-11-13T14:25:23.282Z"}
{"level":"info","message":"⌛ Validating src/panelistas.wlk","timeElapsed":106,"timestamp":"2024-11-13T14:25:23.391Z"}
{"level":"info","message":"onRequest - completionItem/resolve","timestamp":"2024-11-13T14:25:23.391Z"}
{"level":"info","message":"⌛ Building environment","timeElapsed":401,"timestamp":"2024-11-13T14:30:41.331Z"}
{"level":"info","message":"⌛ Building environment","timeElapsed":222,"timestamp":"2024-11-13T14:30:41.556Z"}
{"level":"info","message":"⌛ Validating src/tematicas.wlk","timeElapsed":171,"timestamp":"2024-11-13T14:30:41.729Z"}
{"level":"info","message":"⌛ Validating src/tematicas.wlk","timeElapsed":101,"timestamp":"2024-11-13T14:30:41.833Z"}
{"level":"info","message":"⌛ Building environment","timeElapsed":315,"timestamp":"2024-11-13T14:31:46.746Z"}
{"level":"info","message":"⌛ Validating src/panelistas.wlk","timeElapsed":196,"timestamp":"2024-11-13T14:31:46.946Z"}
{"level":"info","message":"⌛ Validating src/tematicas.wlk","timeElapsed":109,"timestamp":"2024-11-13T14:31:47.056Z"}
{"level":"info","message":"⌛ Building environment","timeElapsed":268,"timestamp":"2024-11-13T14:31:56.282Z"}
{"level":"info","message":"⌛ Validating src/tematicas.wlk","timeElapsed":241,"timestamp":"2024-11-13T14:31:56.532Z"}
{"level":"info","message":"⌛ Building environment","timeElapsed":248,"timestamp":"2024-11-13T14:36:07.305Z"}
{"level":"info","message":"⌛ Validating src/tematicas.wlk","timeElapsed":134,"timestamp":"2024-11-13T14:36:07.442Z"}
{"level":"info","message":"⌛ Building environment","timeElapsed":208,"timestamp":"2024-11-13T14:36:07.651Z"}
{"level":"info","message":"⌛ Validating src/tematicas.wlk","timeElapsed":230,"timestamp":"2024-11-13T14:36:07.883Z"}
{"level":"info","message":"⌛ Building environment","timeElapsed":183,"timestamp":"2024-11-13T14:36:08.072Z"}
{"level":"info","message":"⌛ Validating src/tematicas.wlk","timeElapsed":181,"timestamp":"2024-11-13T14:36:08.256Z"}
{"level":"info","message":"⌛ Building environment","timeElapsed":222,"timestamp":"2024-11-13T14:36:10.867Z"}
{"level":"info","message":"⌛ Building environment","timeElapsed":247,"timestamp":"2024-11-13T14:36:11.197Z"}
{"level":"info","message":"⌛ Building environment","timeElapsed":252,"timestamp":"2024-11-13T14:36:11.450Z"}
{"level":"info","message":"⌛ Validating src/tematicas.wlk","timeElapsed":376,"timestamp":"2024-11-13T14:36:11.844Z"}
{"level":"info","message":"⌛ Building environment","timeElapsed":157,"timestamp":"2024-11-13T14:36:12.004Z"}
{"level":"info","message":"⌛ Building environment","timeElapsed":165,"timestamp":"2024-11-13T14:36:12.179Z"}
{"level":"info","message":"⌛ Building environment","timeElapsed":145,"timestamp":"2024-11-13T14:36:12.388Z"}
{"level":"info","message":"⌛ Validating src/tematicas.wlk","timeElapsed":295,"timestamp":"2024-11-13T14:36:12.683Z"}
{"level":"info","message":"⌛ Validating src/tematicas.wlk","timeElapsed":115,"timestamp":"2024-11-13T14:36:12.897Z"}
{"level":"info","message":"⌛ Building environment","timeElapsed":182,"timestamp":"2024-11-13T14:36:13.079Z"}
{"level":"info","message":"⌛ Validating src/tematicas.wlk","timeElapsed":314,"timestamp":"2024-11-13T14:36:13.408Z"}
{"level":"info","message":"⌛ Validating src/tematicas.wlk","timeElapsed":208,"timestamp":"2024-11-13T14:36:13.616Z"}
{"level":"info","message":"⌛ Building environment","timeElapsed":217,"timestamp":"2024-11-13T14:36:18.836Z"}
{"level":"error","message":"✘ Completions for node failed: Error: [Send]{b63107} at src/tematicas.wlk:49 exhausted all cases without a match [Send]{b63107} at src/tematicas.wlk:49 exhausted all cases without a match","stack":"Error: [Send]{b63107} at src/tematicas.wlk:49 exhausted all cases without a match\n    at /home/thiago/.vscode/extensions/uqbar.wollok-lsp-ide-0.3.6/out/server/src/server.js:38:6067\n    at yh (/home/thiago/.vscode/extensions/uqbar.wollok-lsp-ide-0.3.6/out/server/src/server.js:2291:42)\n    at /home/thiago/.vscode/extensions/uqbar.wollok-lsp-ide-0.3.6/out/server/src/server.js:2291:2700\n    at /home/thiago/.vscode/extensions/uqbar.wollok-lsp-ide-0.3.6/out/server/src/server.js:2298:3774\n    at /home/thiago/.vscode/extensions/uqbar.wollok-lsp-ide-0.3.6/out/server/src/server.js:37:74872\n    at Fe (/home/thiago/.vscode/extensions/uqbar.wollok-lsp-ide-0.3.6/out/server/src/server.js:7:8527)\n    at Pt (/home/thiago/.vscode/extensions/uqbar.wollok-lsp-ide-0.3.6/out/server/src/server.js:7:6189)\n    at Gi (/home/thiago/.vscode/extensions/uqbar.wollok-lsp-ide-0.3.6/out/server/src/server.js:7:6378)\n    at Immediate._onImmediate (/home/thiago/.vscode/extensions/uqbar.wollok-lsp-ide-0.3.6/out/server/src/server.js:7:6142)\n    at process.processImmediate (node:internal/timers:483:21)","timestamp":"2024-11-13T14:36:18.895Z"}
{"level":"error","message":"✘ Completions for node failed: Error: [Return]{49be3a} at src/tematicas.wlk:-- exhausted all cases without a match [Return]{49be3a} at src/tematicas.wlk:-- exhausted all cases without a match","stack":"Error: [Return]{49be3a} at src/tematicas.wlk:-- exhausted all cases without a match\n    at /home/thiago/.vscode/extensions/uqbar.wollok-lsp-ide-0.3.6/out/server/src/server.js:38:6067\n    at yh (/home/thiago/.vscode/extensions/uqbar.wollok-lsp-ide-0.3.6/out/server/src/server.js:2291:42)\n    at kh (/home/thiago/.vscode/extensions/uqbar.wollok-lsp-ide-0.3.6/out/server/src/server.js:2291:1004)\n    at yh (/home/thiago/.vscode/extensions/uqbar.wollok-lsp-ide-0.3.6/out/server/src/server.js:2291:456)\n    at /home/thiago/.vscode/extensions/uqbar.wollok-lsp-ide-0.3.6/out/server/src/server.js:2291:2700\n    at /home/thiago/.vscode/extensions/uqbar.wollok-lsp-ide-0.3.6/out/server/src/server.js:2298:3774\n    at /home/thiago/.vscode/extensions/uqbar.wollok-lsp-ide-0.3.6/out/server/src/server.js:37:74872\n    at Fe (/home/thiago/.vscode/extensions/uqbar.wollok-lsp-ide-0.3.6/out/server/src/server.js:7:8527)\n    at Pt (/home/thiago/.vscode/extensions/uqbar.wollok-lsp-ide-0.3.6/out/server/src/server.js:7:6189)\n    at Gi (/home/thiago/.vscode/extensions/uqbar.wollok-lsp-ide-0.3.6/out/server/src/server.js:7:6378)","timestamp":"2024-11-13T14:36:18.895Z"}
{"level":"info","message":"⌛ Building environment","timeElapsed":166,"timestamp":"2024-11-13T14:36:19.066Z"}
{"level":"info","message":"⌛ Building environment","timeElapsed":241,"timestamp":"2024-11-13T14:36:19.309Z"}
{"level":"info","message":"⌛ Validating src/tematicas.wlk","timeElapsed":138,"timestamp":"2024-11-13T14:36:19.449Z"}
{"level":"info","message":"⌛ Building environment","timeElapsed":107,"timestamp":"2024-11-13T14:36:19.645Z"}
{"level":"error","message":"✘ Completions for node failed: Error: [Send]{3abceb} at src/tematicas.wlk:49 exhausted all cases without a match [Send]{3abceb} at src/tematicas.wlk:49 exhausted all cases without a match","stack":"Error: [Send]{3abceb} at src/tematicas.wlk:49 exhausted all cases without a match\n    at /home/thiago/.vscode/extensions/uqbar.wollok-lsp-ide-0.3.6/out/server/src/server.js:38:6067\n    at yh (/home/thiago/.vscode/extensions/uqbar.wollok-lsp-ide-0.3.6/out/server/src/server.js:2291:42)\n    at /home/thiago/.vscode/extensions/uqbar.wollok-lsp-ide-0.3.6/out/server/src/server.js:2291:2700\n    at /home/thiago/.vscode/extensions/uqbar.wollok-lsp-ide-0.3.6/out/server/src/server.js:2298:3774\n    at /home/thiago/.vscode/extensions/uqbar.wollok-lsp-ide-0.3.6/out/server/src/server.js:37:74872\n    at Fe (/home/thiago/.vscode/extensions/uqbar.wollok-lsp-ide-0.3.6/out/server/src/server.js:7:8527)\n    at Pt (/home/thiago/.vscode/extensions/uqbar.wollok-lsp-ide-0.3.6/out/server/src/server.js:7:6189)\n    at Gi (/home/thiago/.vscode/extensions/uqbar.wollok-lsp-ide-0.3.6/out/server/src/server.js:7:6378)\n    at Immediate._onImmediate (/home/thiago/.vscode/extensions/uqbar.wollok-lsp-ide-0.3.6/out/server/src/server.js:7:6142)\n    at process.processImmediate (node:internal/timers:483:21)","timestamp":"2024-11-13T14:36:19.704Z"}
{"level":"error","message":"✘ Completions for node failed: Error: [Return]{b276df} at src/tematicas.wlk:-- exhausted all cases without a match [Return]{b276df} at src/tematicas.wlk:-- exhausted all cases without a match","stack":"Error: [Return]{b276df} at src/tematicas.wlk:-- exhausted all cases without a match\n    at /home/thiago/.vscode/extensions/uqbar.wollok-lsp-ide-0.3.6/out/server/src/server.js:38:6067\n    at yh (/home/thiago/.vscode/extensions/uqbar.wollok-lsp-ide-0.3.6/out/server/src/server.js:2291:42)\n    at kh (/home/thiago/.vscode/extensions/uqbar.wollok-lsp-ide-0.3.6/out/server/src/server.js:2291:1004)\n    at yh (/home/thiago/.vscode/extensions/uqbar.wollok-lsp-ide-0.3.6/out/server/src/server.js:2291:456)\n    at /home/thiago/.vscode/extensions/uqbar.wollok-lsp-ide-0.3.6/out/server/src/server.js:2291:2700\n    at /home/thiago/.vscode/extensions/uqbar.wollok-lsp-ide-0.3.6/out/server/src/server.js:2298:3774\n    at /home/thiago/.vscode/extensions/uqbar.wollok-lsp-ide-0.3.6/out/server/src/server.js:37:74872\n    at Fe (/home/thiago/.vscode/extensions/uqbar.wollok-lsp-ide-0.3.6/out/server/src/server.js:7:8527)\n    at Pt (/home/thiago/.vscode/extensions/uqbar.wollok-lsp-ide-0.3.6/out/server/src/server.js:7:6189)\n    at Gi (/home/thiago/.vscode/extensions/uqbar.wollok-lsp-ide-0.3.6/out/server/src/server.js:7:6378)","timestamp":"2024-11-13T14:36:19.704Z"}
{"level":"info","message":"⌛ Validating src/tematicas.wlk","timeElapsed":287,"timestamp":"2024-11-13T14:36:19.998Z"}
{"level":"info","message":"⌛ Building environment","timeElapsed":147,"timestamp":"2024-11-13T14:36:20.147Z"}
{"level":"info","message":"⌛ Building environment","timeElapsed":168,"timestamp":"2024-11-13T14:36:20.327Z"}
{"level":"info","message":"⌛ Validating src/tematicas.wlk","timeElapsed":132,"timestamp":"2024-11-13T14:36:20.464Z"}
{"level":"info","message":"⌛ Building environment","timeElapsed":117,"timestamp":"2024-11-13T14:36:20.582Z"}
{"level":"info","message":"⌛ Validating src/tematicas.wlk","timeElapsed":356,"timestamp":"2024-11-13T14:36:20.950Z"}
{"level":"info","message":"⌛ Validating src/tematicas.wlk","timeElapsed":281,"timestamp":"2024-11-13T14:36:21.233Z"}
{"level":"info","message":"⌛ Validating src/tematicas.wlk","timeElapsed":168,"timestamp":"2024-11-13T14:36:21.403Z"}
{"level":"info","message":"⌛ Building environment","timeElapsed":191,"timestamp":"2024-11-13T14:36:22.909Z"}
{"level":"error","message":"✘ Completions for node failed: Error: [Send]{ca324f} at src/tematicas.wlk:49 exhausted all cases without a match [Send]{ca324f} at src/tematicas.wlk:49 exhausted all cases without a match","stack":"Error: [Send]{ca324f} at src/tematicas.wlk:49 exhausted all cases without a match\n    at /home/thiago/.vscode/extensions/uqbar.wollok-lsp-ide-0.3.6/out/server/src/server.js:38:6067\n    at yh (/home/thiago/.vscode/extensions/uqbar.wollok-lsp-ide-0.3.6/out/server/src/server.js:2291:42)\n    at /home/thiago/.vscode/extensions/uqbar.wollok-lsp-ide-0.3.6/out/server/src/server.js:2291:2700\n    at /home/thiago/.vscode/extensions/uqbar.wollok-lsp-ide-0.3.6/out/server/src/server.js:2298:3774\n    at /home/thiago/.vscode/extensions/uqbar.wollok-lsp-ide-0.3.6/out/server/src/server.js:37:74872\n    at Fe (/home/thiago/.vscode/extensions/uqbar.wollok-lsp-ide-0.3.6/out/server/src/server.js:7:8527)\n    at Pt (/home/thiago/.vscode/extensions/uqbar.wollok-lsp-ide-0.3.6/out/server/src/server.js:7:6189)\n    at Gi (/home/thiago/.vscode/extensions/uqbar.wollok-lsp-ide-0.3.6/out/server/src/server.js:7:6378)\n    at Immediate._onImmediate (/home/thiago/.vscode/extensions/uqbar.wollok-lsp-ide-0.3.6/out/server/src/server.js:7:6142)\n    at process.processImmediate (node:internal/timers:483:21)","timestamp":"2024-11-13T14:36:22.946Z"}
{"level":"error","message":"✘ Completions for node failed: Error: [Return]{7d7598} at src/tematicas.wlk:-- exhausted all cases without a match [Return]{7d7598} at src/tematicas.wlk:-- exhausted all cases without a match","stack":"Error: [Return]{7d7598} at src/tematicas.wlk:-- exhausted all cases without a match\n    at /home/thiago/.vscode/extensions/uqbar.wollok-lsp-ide-0.3.6/out/server/src/server.js:38:6067\n    at yh (/home/thiago/.vscode/extensions/uqbar.wollok-lsp-ide-0.3.6/out/server/src/server.js:2291:42)\n    at kh (/home/thiago/.vscode/extensions/uqbar.wollok-lsp-ide-0.3.6/out/server/src/server.js:2291:1004)\n    at yh (/home/thiago/.vscode/extensions/uqbar.wollok-lsp-ide-0.3.6/out/server/src/server.js:2291:456)\n    at /home/thiago/.vscode/extensions/uqbar.wollok-lsp-ide-0.3.6/out/server/src/server.js:2291:2700\n    at /home/thiago/.vscode/extensions/uqbar.wollok-lsp-ide-0.3.6/out/server/src/server.js:2298:3774\n    at /home/thiago/.vscode/extensions/uqbar.wollok-lsp-ide-0.3.6/out/server/src/server.js:37:74872\n    at Fe (/home/thiago/.vscode/extensions/uqbar.wollok-lsp-ide-0.3.6/out/server/src/server.js:7:8527)\n    at Pt (/home/thiago/.vscode/extensions/uqbar.wollok-lsp-ide-0.3.6/out/server/src/server.js:7:6189)\n    at Gi (/home/thiago/.vscode/extensions/uqbar.wollok-lsp-ide-0.3.6/out/server/src/server.js:7:6378)","timestamp":"2024-11-13T14:36:22.946Z"}
{"level":"info","message":"⌛ Building environment","timeElapsed":110,"timestamp":"2024-11-13T14:36:23.060Z"}
{"level":"info","message":"⌛ Validating src/tematicas.wlk","timeElapsed":202,"timestamp":"2024-11-13T14:36:23.263Z"}
{"level":"error","message":"✘ Completions for node failed: Error: [Send]{2463be} at src/tematicas.wlk:49 exhausted all cases without a match [Send]{2463be} at src/tematicas.wlk:49 exhausted all cases without a match","stack":"Error: [Send]{2463be} at src/tematicas.wlk:49 exhausted all cases without a match\n    at /home/thiago/.vscode/extensions/uqbar.wollok-lsp-ide-0.3.6/out/server/src/server.js:38:6067\n    at yh (/home/thiago/.vscode/extensions/uqbar.wollok-lsp-ide-0.3.6/out/server/src/server.js:2291:42)\n    at /home/thiago/.vscode/extensions/uqbar.wollok-lsp-ide-0.3.6/out/server/src/server.js:2291:2700\n    at /home/thiago/.vscode/extensions/uqbar.wollok-lsp-ide-0.3.6/out/server/src/server.js:2298:3774\n    at /home/thiago/.vscode/extensions/uqbar.wollok-lsp-ide-0.3.6/out/server/src/server.js:37:74872\n    at Fe (/home/thiago/.vscode/extensions/uqbar.wollok-lsp-ide-0.3.6/out/server/src/server.js:7:8527)\n    at Pt (/home/thiago/.vscode/extensions/uqbar.wollok-lsp-ide-0.3.6/out/server/src/server.js:7:6189)\n    at Gi (/home/thiago/.vscode/extensions/uqbar.wollok-lsp-ide-0.3.6/out/server/src/server.js:7:6378)\n    at Immediate._onImmediate (/home/thiago/.vscode/extensions/uqbar.wollok-lsp-ide-0.3.6/out/server/src/server.js:7:6142)\n    at process.processImmediate (node:internal/timers:483:21)","timestamp":"2024-11-13T14:36:23.361Z"}
{"level":"error","message":"✘ Completions for node failed: Error: [Return]{5be74a} at src/tematicas.wlk:-- exhausted all cases without a match [Return]{5be74a} at src/tematicas.wlk:-- exhausted all cases without a match","stack":"Error: [Return]{5be74a} at src/tematicas.wlk:-- exhausted all cases without a match\n    at /home/thiago/.vscode/extensions/uqbar.wollok-lsp-ide-0.3.6/out/server/src/server.js:38:6067\n    at yh (/home/thiago/.vscode/extensions/uqbar.wollok-lsp-ide-0.3.6/out/server/src/server.js:2291:42)\n    at kh (/home/thiago/.vscode/extensions/uqbar.wollok-lsp-ide-0.3.6/out/server/src/server.js:2291:1004)\n    at yh (/home/thiago/.vscode/extensions/uqbar.wollok-lsp-ide-0.3.6/out/server/src/server.js:2291:456)\n    at /home/thiago/.vscode/extensions/uqbar.wollok-lsp-ide-0.3.6/out/server/src/server.js:2291:2700\n    at /home/thiago/.vscode/extensions/uqbar.wollok-lsp-ide-0.3.6/out/server/src/server.js:2298:3774\n    at /home/thiago/.vscode/extensions/uqbar.wollok-lsp-ide-0.3.6/out/server/src/server.js:37:74872\n    at Fe (/home/thiago/.vscode/extensions/uqbar.wollok-lsp-ide-0.3.6/out/server/src/server.js:7:8527)\n    at Pt (/home/thiago/.vscode/extensions/uqbar.wollok-lsp-ide-0.3.6/out/server/src/server.js:7:6189)\n    at Gi (/home/thiago/.vscode/extensions/uqbar.wollok-lsp-ide-0.3.6/out/server/src/server.js:7:6378)","timestamp":"2024-11-13T14:36:23.361Z"}
{"level":"info","message":"⌛ Building environment","timeElapsed":166,"timestamp":"2024-11-13T14:36:23.534Z"}
{"level":"info","message":"⌛ Validating src/tematicas.wlk","timeElapsed":171,"timestamp":"2024-11-13T14:36:23.718Z"}
{"level":"info","message":"⌛ Building environment","timeElapsed":134,"timestamp":"2024-11-13T14:36:23.852Z"}
{"level":"info","message":"⌛ Validating src/tematicas.wlk","timeElapsed":131,"timestamp":"2024-11-13T14:36:23.984Z"}
{"level":"error","message":"✘ Completions for node failed: Error: [Send]{eebb0d} at src/tematicas.wlk:49 exhausted all cases without a match [Send]{eebb0d} at src/tematicas.wlk:49 exhausted all cases without a match","stack":"Error: [Send]{eebb0d} at src/tematicas.wlk:49 exhausted all cases without a match\n    at /home/thiago/.vscode/extensions/uqbar.wollok-lsp-ide-0.3.6/out/server/src/server.js:38:6067\n    at yh (/home/thiago/.vscode/extensions/uqbar.wollok-lsp-ide-0.3.6/out/server/src/server.js:2291:42)\n    at /home/thiago/.vscode/extensions/uqbar.wollok-lsp-ide-0.3.6/out/server/src/server.js:2291:2700\n    at /home/thiago/.vscode/extensions/uqbar.wollok-lsp-ide-0.3.6/out/server/src/server.js:2298:3774\n    at /home/thiago/.vscode/extensions/uqbar.wollok-lsp-ide-0.3.6/out/server/src/server.js:37:74872\n    at Fe (/home/thiago/.vscode/extensions/uqbar.wollok-lsp-ide-0.3.6/out/server/src/server.js:7:8527)\n    at Pt (/home/thiago/.vscode/extensions/uqbar.wollok-lsp-ide-0.3.6/out/server/src/server.js:7:6189)\n    at Gi (/home/thiago/.vscode/extensions/uqbar.wollok-lsp-ide-0.3.6/out/server/src/server.js:7:6378)\n    at Immediate._onImmediate (/home/thiago/.vscode/extensions/uqbar.wollok-lsp-ide-0.3.6/out/server/src/server.js:7:6142)\n    at process.processImmediate (node:internal/timers:483:21)","timestamp":"2024-11-13T14:36:24.168Z"}
{"level":"error","message":"✘ Completions for node failed: Error: [Return]{044d4d} at src/tematicas.wlk:-- exhausted all cases without a match [Return]{044d4d} at src/tematicas.wlk:-- exhausted all cases without a match","stack":"Error: [Return]{044d4d} at src/tematicas.wlk:-- exhausted all cases without a match\n    at /home/thiago/.vscode/extensions/uqbar.wollok-lsp-ide-0.3.6/out/server/src/server.js:38:6067\n    at yh (/home/thiago/.vscode/extensions/uqbar.wollok-lsp-ide-0.3.6/out/server/src/server.js:2291:42)\n    at kh (/home/thiago/.vscode/extensions/uqbar.wollok-lsp-ide-0.3.6/out/server/src/server.js:2291:1004)\n    at yh (/home/thiago/.vscode/extensions/uqbar.wollok-lsp-ide-0.3.6/out/server/src/server.js:2291:456)\n    at /home/thiago/.vscode/extensions/uqbar.wollok-lsp-ide-0.3.6/out/server/src/server.js:2291:2700\n    at /home/thiago/.vscode/extensions/uqbar.wollok-lsp-ide-0.3.6/out/server/src/server.js:2298:3774\n    at /home/thiago/.vscode/extensions/uqbar.wollok-lsp-ide-0.3.6/out/server/src/server.js:37:74872\n    at Fe (/home/thiago/.vscode/extensions/uqbar.wollok-lsp-ide-0.3.6/out/server/src/server.js:7:8527)\n    at Pt (/home/thiago/.vscode/extensions/uqbar.wollok-lsp-ide-0.3.6/out/server/src/server.js:7:6189)\n    at Gi (/home/thiago/.vscode/extensions/uqbar.wollok-lsp-ide-0.3.6/out/server/src/server.js:7:6378)","timestamp":"2024-11-13T14:36:24.168Z"}
{"level":"info","message":"⌛ Validating src/tematicas.wlk","timeElapsed":112,"timestamp":"2024-11-13T14:36:24.443Z"}
{"level":"info","message":"⌛ Building environment","timeElapsed":319,"timestamp":"2024-11-13T14:38:19.864Z"}
{"level":"info","message":"⌛ Building environment","timeElapsed":216,"timestamp":"2024-11-13T14:38:20.081Z"}
{"level":"info","message":"⌛ Validating src/tematicas.wlk","timeElapsed":162,"timestamp":"2024-11-13T14:38:20.244Z"}
{"level":"info","message":"⌛ Validating src/tematicas.wlk","timeElapsed":133,"timestamp":"2024-11-13T14:38:20.483Z"}
{"level":"info","message":"⌛ Validating src/tematicas.wlk","timeElapsed":113,"timestamp":"2024-11-13T14:38:20.596Z"}
{"level":"info","message":"⌛ Building environment","timeElapsed":218,"timestamp":"2024-11-13T14:38:21.380Z"}
{"level":"info","message":"⌛ Validating src/tematicas.wlk","timeElapsed":123,"timestamp":"2024-11-13T14:38:21.550Z"}
{"level":"info","message":"⌛ Building environment","timeElapsed":298,"timestamp":"2024-11-13T14:42:01.693Z"}
{"level":"info","message":"⌛ Validating src/panelistas.wlk","timeElapsed":192,"timestamp":"2024-11-13T14:42:01.887Z"}
{"level":"info","message":"⌛ Validating src/tematicas.wlk","timeElapsed":247,"timestamp":"2024-11-13T14:42:02.136Z"}
{"level":"info","message":"⌛ Validating src/emisiones.wlk","timeElapsed":209,"timestamp":"2024-11-13T14:42:02.347Z"}
{"level":"info","message":"⌛ Building environment","timeElapsed":296,"timestamp":"2024-11-13T14:42:24.400Z"}
{"level":"info","message":"⌛ Building environment","timeElapsed":255,"timestamp":"2024-11-13T14:42:24.739Z"}
{"level":"info","message":"⌛ Validating src/tematicas.wlk","timeElapsed":191,"timestamp":"2024-11-13T14:42:24.940Z"}
{"level":"info","message":"⌛ Building environment","timeElapsed":110,"timestamp":"2024-11-13T14:42:25.050Z"}
{"level":"info","message":"⌛ Building environment","timeElapsed":259,"timestamp":"2024-11-13T14:42:25.310Z"}
{"level":"info","message":"onRequest - completionItem/resolve","timestamp":"2024-11-13T14:42:25.321Z"}
{"level":"info","message":"⌛ Building environment","timeElapsed":184,"timestamp":"2024-11-13T14:42:25.505Z"}
{"level":"info","message":"onRequest - completionItem/resolve","timestamp":"2024-11-13T14:42:25.517Z"}
{"level":"info","message":"⌛ Building environment","timeElapsed":184,"timestamp":"2024-11-13T14:42:25.702Z"}
{"level":"info","message":"⌛ Validating src/tematicas.wlk","timeElapsed":211,"timestamp":"2024-11-13T14:42:25.923Z"}
{"level":"info","message":"⌛ Validating src/tematicas.wlk","timeElapsed":286,"timestamp":"2024-11-13T14:42:26.212Z"}
{"level":"info","message":"⌛ Validating src/tematicas.wlk","timeElapsed":234,"timestamp":"2024-11-13T14:42:26.457Z"}
{"level":"info","message":"⌛ Validating src/tematicas.wlk","timeElapsed":171,"timestamp":"2024-11-13T14:42:26.628Z"}
{"level":"info","message":"⌛ Validating src/tematicas.wlk","timeElapsed":127,"timestamp":"2024-11-13T14:42:26.755Z"}
{"level":"info","message":"⌛ Building environment","timeElapsed":443,"timestamp":"2024-11-13T14:42:37.794Z"}
{"level":"info","message":"onRequest - WORKSPACE_URI:file:///home/thiago/Escritorio/2024-objetos-parcial-zBlooDy","timestamp":"2024-11-13T14:42:37.798Z"}
{"level":"info","message":"⌛ Building environment","timeElapsed":166,"timestamp":"2024-11-13T14:42:37.967Z"}
{"level":"info","message":"⌛ Building environment","timeElapsed":119,"timestamp":"2024-11-13T14:42:38.089Z"}
{"level":"info","message":"⌛ Building environment","timeElapsed":117,"timestamp":"2024-11-13T14:42:38.208Z"}
{"level":"info","message":"⌛ Building environment","timeElapsed":244,"timestamp":"2024-11-13T14:42:39.290Z"}
{"level":"info","message":"⌛ Validating src/panelistas.wlk","timeElapsed":476,"timestamp":"2024-11-13T14:42:39.897Z"}
{"level":"info","message":"⌛ Validating src/tematicas.wlk","timeElapsed":398,"timestamp":"2024-11-13T14:42:40.745Z"}
{"level":"info","message":"⌛ Validating src/emisiones.wlk","timeElapsed":378,"timestamp":"2024-11-13T14:42:41.280Z"}
{"level":"info","message":"⌛ Building environment","timeElapsed":261,"timestamp":"2024-11-13T14:42:41.545Z"}
{"level":"info","message":"⌛ Validating testExample.wtest","timeElapsed":316,"timestamp":"2024-11-13T14:42:41.921Z"}
{"level":"info","message":"⌛ Validating src/panelistas.wlk","timeElapsed":121,"timestamp":"2024-11-13T14:42:42.042Z"}
{"level":"info","message":"⌛ Validating src/emisiones.wlk","timeElapsed":188,"timestamp":"2024-11-13T14:42:42.309Z"}
{"level":"info","message":"⌛ Building environment","timeElapsed":334,"timestamp":"2024-11-13T14:45:16.753Z"}
{"level":"info","message":"⌛ Building environment","timeElapsed":268,"timestamp":"2024-11-13T14:45:17.023Z"}
{"level":"info","message":"⌛ Validating src/tematicas.wlk","timeElapsed":218,"timestamp":"2024-11-13T14:45:17.244Z"}
{"level":"info","message":"⌛ Building environment","timeElapsed":218,"timestamp":"2024-11-13T14:45:31.587Z"}
{"level":"info","message":"⌛ Validating src/tematicas.wlk","timeElapsed":104,"timestamp":"2024-11-13T14:45:31.836Z"}
{"level":"info","message":"⌛ Building environment","timeElapsed":115,"timestamp":"2024-11-13T14:45:31.952Z"}
{"level":"info","message":"⌛ Validating src/tematicas.wlk","timeElapsed":147,"timestamp":"2024-11-13T14:45:32.101Z"}
{"level":"info","message":"⌛ Validating src/tematicas.wlk","timeElapsed":113,"timestamp":"2024-11-13T14:45:32.215Z"}
{"level":"info","message":"⌛ Building environment","timeElapsed":262,"timestamp":"2024-11-13T14:45:38.479Z"}
{"level":"info","message":"⌛ Validating src/panelistas.wlk","timeElapsed":275,"timestamp":"2024-11-13T14:45:38.758Z"}
{"level":"info","message":"⌛ Building environment","timeElapsed":196,"timestamp":"2024-11-13T14:45:40.932Z"}
{"level":"info","message":"⌛ Building environment","timeElapsed":112,"timestamp":"2024-11-13T14:45:41.045Z"}
{"level":"info","message":"⌛ Validating src/panelistas.wlk","timeElapsed":258,"timestamp":"2024-11-13T14:45:41.304Z"}
{"level":"error","message":"✘ Completions for node failed: Error: [Parameter]{a6b355} at src/panelistas.wlk:23 exhausted all cases without a match [Parameter]{a6b355} at src/panelistas.wlk:23 exhausted all cases without a match","stack":"Error: [Parameter]{a6b355} at src/panelistas.wlk:23 exhausted all cases without a match\n    at /home/thiago/.vscode/extensions/uqbar.wollok-lsp-ide-0.3.6/out/server/src/server.js:38:6067\n    at yh (/home/thiago/.vscode/extensions/uqbar.wollok-lsp-ide-0.3.6/out/server/src/server.js:2291:42)\n    at /home/thiago/.vscode/extensions/uqbar.wollok-lsp-ide-0.3.6/out/server/src/server.js:2291:2700\n    at /home/thiago/.vscode/extensions/uqbar.wollok-lsp-ide-0.3.6/out/server/src/server.js:2298:3774\n    at /home/thiago/.vscode/extensions/uqbar.wollok-lsp-ide-0.3.6/out/server/src/server.js:37:74872\n    at Fe (/home/thiago/.vscode/extensions/uqbar.wollok-lsp-ide-0.3.6/out/server/src/server.js:7:8527)\n    at Pt (/home/thiago/.vscode/extensions/uqbar.wollok-lsp-ide-0.3.6/out/server/src/server.js:7:6189)\n    at Gi (/home/thiago/.vscode/extensions/uqbar.wollok-lsp-ide-0.3.6/out/server/src/server.js:7:6378)\n    at Immediate._onImmediate (/home/thiago/.vscode/extensions/uqbar.wollok-lsp-ide-0.3.6/out/server/src/server.js:7:6142)\n    at process.processImmediate (node:internal/timers:483:21)","timestamp":"2024-11-13T14:45:41.431Z"}
{"level":"info","message":"⌛ Validating src/panelistas.wlk","timeElapsed":136,"timestamp":"2024-11-13T14:45:41.572Z"}
{"level":"info","message":"⌛ Building environment","timeElapsed":103,"timestamp":"2024-11-13T14:45:41.676Z"}
{"level":"info","message":"⌛ Building environment","timeElapsed":113,"timestamp":"2024-11-13T14:45:41.790Z"}
{"level":"info","message":"⌛ Building environment","timeElapsed":102,"timestamp":"2024-11-13T14:45:41.893Z"}
{"level":"info","message":"⌛ Building environment","timeElapsed":114,"timestamp":"2024-11-13T14:45:42.008Z"}
{"level":"info","message":"⌛ Validating src/panelistas.wlk","timeElapsed":133,"timestamp":"2024-11-13T14:45:42.143Z"}
{"level":"info","message":"onRequest - completionItem/resolve","timestamp":"2024-11-13T14:45:42.143Z"}
{"level":"info","message":"onRequest - completionItem/resolve","timestamp":"2024-11-13T14:45:42.222Z"}
{"level":"info","message":"onRequest - completionItem/resolve","timestamp":"2024-11-13T14:45:42.312Z"}
{"level":"info","message":"⌛ Validating src/panelistas.wlk","timeElapsed":136,"timestamp":"2024-11-13T14:45:42.448Z"}
{"level":"info","message":"onRequest - completionItem/resolve","timestamp":"2024-11-13T14:45:42.537Z"}
{"level":"info","message":"⌛ Validating src/panelistas.wlk","timeElapsed":296,"timestamp":"2024-11-13T14:45:42.833Z"}
{"level":"info","message":"⌛ Validating src/panelistas.wlk","timeElapsed":302,"timestamp":"2024-11-13T14:45:43.136Z"}
{"level":"info","message":"⌛ Building environment","timeElapsed":181,"timestamp":"2024-11-13T14:45:43.402Z"}
{"level":"error","message":"✘ Completions for node failed: Error: [Parameter]{929314} at src/panelistas.wlk:23 exhausted all cases without a match [Parameter]{929314} at src/panelistas.wlk:23 exhausted all cases without a match","stack":"Error: [Parameter]{929314} at src/panelistas.wlk:23 exhausted all cases without a match\n    at /home/thiago/.vscode/extensions/uqbar.wollok-lsp-ide-0.3.6/out/server/src/server.js:38:6067\n    at yh (/home/thiago/.vscode/extensions/uqbar.wollok-lsp-ide-0.3.6/out/server/src/server.js:2291:42)\n    at /home/thiago/.vscode/extensions/uqbar.wollok-lsp-ide-0.3.6/out/server/src/server.js:2291:2700\n    at /home/thiago/.vscode/extensions/uqbar.wollok-lsp-ide-0.3.6/out/server/src/server.js:2298:3774\n    at /home/thiago/.vscode/extensions/uqbar.wollok-lsp-ide-0.3.6/out/server/src/server.js:37:74872\n    at Fe (/home/thiago/.vscode/extensions/uqbar.wollok-lsp-ide-0.3.6/out/server/src/server.js:7:8527)\n    at Pt (/home/thiago/.vscode/extensions/uqbar.wollok-lsp-ide-0.3.6/out/server/src/server.js:7:6189)\n    at Gi (/home/thiago/.vscode/extensions/uqbar.wollok-lsp-ide-0.3.6/out/server/src/server.js:7:6378)\n    at Immediate._onImmediate (/home/thiago/.vscode/extensions/uqbar.wollok-lsp-ide-0.3.6/out/server/src/server.js:7:6142)\n    at process.processImmediate (node:internal/timers:483:21)","timestamp":"2024-11-13T14:45:43.439Z"}
{"level":"info","message":"⌛ Validating src/panelistas.wlk","timeElapsed":119,"timestamp":"2024-11-13T14:45:43.565Z"}
{"level":"info","message":"⌛ Validating src/panelistas.wlk","timeElapsed":230,"timestamp":"2024-11-13T14:45:43.894Z"}
{"level":"info","message":"⌛ Building environment","timeElapsed":258,"timestamp":"2024-11-13T14:45:44.153Z"}
{"level":"info","message":"⌛ Building environment","timeElapsed":190,"timestamp":"2024-11-13T14:45:44.345Z"}
{"level":"info","message":"⌛ Validating src/panelistas.wlk","timeElapsed":191,"timestamp":"2024-11-13T14:45:44.536Z"}
{"level":"info","message":"⌛ Building environment","timeElapsed":131,"timestamp":"2024-11-13T14:45:44.671Z"}
{"level":"info","message":"⌛ Building environment","timeElapsed":189,"timestamp":"2024-11-13T14:45:44.867Z"}
{"level":"info","message":"⌛ Building environment","timeElapsed":225,"timestamp":"2024-11-13T14:45:45.093Z"}
{"level":"info","message":"⌛ Building environment","timeElapsed":126,"timestamp":"2024-11-13T14:45:45.220Z"}
{"level":"info","message":"⌛ Validating src/panelistas.wlk","timeElapsed":147,"timestamp":"2024-11-13T14:45:45.381Z"}
{"level":"info","message":"⌛ Validating src/panelistas.wlk","timeElapsed":121,"timestamp":"2024-11-13T14:45:45.502Z"}
{"level":"info","message":"⌛ Validating src/panelistas.wlk","timeElapsed":119,"timestamp":"2024-11-13T14:45:45.623Z"}
{"level":"info","message":"⌛ Validating src/panelistas.wlk","timeElapsed":175,"timestamp":"2024-11-13T14:45:45.892Z"}
{"level":"info","message":"⌛ Validating src/panelistas.wlk","timeElapsed":238,"timestamp":"2024-11-13T14:45:46.131Z"}
{"level":"info","message":"⌛ Validating src/panelistas.wlk","timeElapsed":114,"timestamp":"2024-11-13T14:45:46.246Z"}
{"level":"info","message":"⌛ Validating src/panelistas.wlk","timeElapsed":114,"timestamp":"2024-11-13T14:45:46.621Z"}
{"level":"info","message":"⌛ Validating src/panelistas.wlk","timeElapsed":114,"timestamp":"2024-11-13T14:45:46.740Z"}
{"level":"info","message":"⌛ Building environment","timeElapsed":246,"timestamp":"2024-11-13T14:45:48.193Z"}
{"level":"info","message":"⌛ Validating src/panelistas.wlk","timeElapsed":325,"timestamp":"2024-11-13T14:45:48.523Z"}
{"level":"info","message":"⌛ Building environment","timeElapsed":223,"timestamp":"2024-11-13T14:45:49.287Z"}
{"level":"info","message":"⌛ Building environment","timeElapsed":186,"timestamp":"2024-11-13T14:45:49.475Z"}
{"level":"info","message":"⌛ Validating src/panelistas.wlk","timeElapsed":177,"timestamp":"2024-11-13T14:45:49.653Z"}
{"level":"info","message":"⌛ Building environment","timeElapsed":132,"timestamp":"2024-11-13T14:45:49.786Z"}
{"level":"error","message":"✘ Completions for node failed: Error: [Parameter]{967ba9} at src/panelistas.wlk:27 exhausted all cases without a match [Parameter]{967ba9} at src/panelistas.wlk:27 exhausted all cases without a match","stack":"Error: [Parameter]{967ba9} at src/panelistas.wlk:27 exhausted all cases without a match\n    at /home/thiago/.vscode/extensions/uqbar.wollok-lsp-ide-0.3.6/out/server/src/server.js:38:6067\n    at yh (/home/thiago/.vscode/extensions/uqbar.wollok-lsp-ide-0.3.6/out/server/src/server.js:2291:42)\n    at /home/thiago/.vscode/extensions/uqbar.wollok-lsp-ide-0.3.6/out/server/src/server.js:2291:2700\n    at /home/thiago/.vscode/extensions/uqbar.wollok-lsp-ide-0.3.6/out/server/src/server.js:2298:3774\n    at /home/thiago/.vscode/extensions/uqbar.wollok-lsp-ide-0.3.6/out/server/src/server.js:37:74872\n    at Fe (/home/thiago/.vscode/extensions/uqbar.wollok-lsp-ide-0.3.6/out/server/src/server.js:7:8527)\n    at Pt (/home/thiago/.vscode/extensions/uqbar.wollok-lsp-ide-0.3.6/out/server/src/server.js:7:6189)\n    at Gi (/home/thiago/.vscode/extensions/uqbar.wollok-lsp-ide-0.3.6/out/server/src/server.js:7:6378)\n    at Immediate._onImmediate (/home/thiago/.vscode/extensions/uqbar.wollok-lsp-ide-0.3.6/out/server/src/server.js:7:6142)\n    at process.processImmediate (node:internal/timers:483:21)","timestamp":"2024-11-13T14:45:49.833Z"}
{"level":"info","message":"⌛ Building environment","timeElapsed":120,"timestamp":"2024-11-13T14:45:49.961Z"}
{"level":"info","message":"⌛ Validating src/panelistas.wlk","timeElapsed":292,"timestamp":"2024-11-13T14:45:50.258Z"}
{"level":"info","message":"⌛ Building environment","timeElapsed":252,"timestamp":"2024-11-13T14:45:50.512Z"}
{"level":"info","message":"⌛ Building environment","timeElapsed":210,"timestamp":"2024-11-13T14:45:50.724Z"}
{"level":"info","message":"⌛ Building environment","timeElapsed":156,"timestamp":"2024-11-13T14:45:50.881Z"}
{"level":"info","message":"⌛ Validating src/panelistas.wlk","timeElapsed":250,"timestamp":"2024-11-13T14:45:51.133Z"}
{"level":"info","message":"onRequest - completionItem/resolve","timestamp":"2024-11-13T14:45:51.220Z"}
{"level":"info","message":"⌛ Validating src/panelistas.wlk","timeElapsed":113,"timestamp":"2024-11-13T14:45:51.334Z"}
{"level":"info","message":"onRequest - completionItem/resolve","timestamp":"2024-11-13T14:45:51.409Z"}
{"level":"info","message":"⌛ Building environment","timeElapsed":164,"timestamp":"2024-11-13T14:45:51.574Z"}
{"level":"info","message":"onRequest - completionItem/resolve","timestamp":"2024-11-13T14:45:51.576Z"}
{"level":"info","message":"⌛ Building environment","timeElapsed":244,"timestamp":"2024-11-13T14:45:51.821Z"}
{"level":"error","message":"✘ Completions for node failed: Error: [Parameter]{640cae} at src/panelistas.wlk:27 exhausted all cases without a match [Parameter]{640cae} at src/panelistas.wlk:27 exhausted all cases without a match","stack":"Error: [Parameter]{640cae} at src/panelistas.wlk:27 exhausted all cases without a match\n    at /home/thiago/.vscode/extensions/uqbar.wollok-lsp-ide-0.3.6/out/server/src/server.js:38:6067\n    at yh (/home/thiago/.vscode/extensions/uqbar.wollok-lsp-ide-0.3.6/out/server/src/server.js:2291:42)\n    at /home/thiago/.vscode/extensions/uqbar.wollok-lsp-ide-0.3.6/out/server/src/server.js:2291:2700\n    at /home/thiago/.vscode/extensions/uqbar.wollok-lsp-ide-0.3.6/out/server/src/server.js:2298:3774\n    at /home/thiago/.vscode/extensions/uqbar.wollok-lsp-ide-0.3.6/out/server/src/server.js:37:74872\n    at Fe (/home/thiago/.vscode/extensions/uqbar.wollok-lsp-ide-0.3.6/out/server/src/server.js:7:8527)\n    at Pt (/home/thiago/.vscode/extensions/uqbar.wollok-lsp-ide-0.3.6/out/server/src/server.js:7:6189)\n    at Gi (/home/thiago/.vscode/extensions/uqbar.wollok-lsp-ide-0.3.6/out/server/src/server.js:7:6378)\n    at Immediate._onImmediate (/home/thiago/.vscode/extensions/uqbar.wollok-lsp-ide-0.3.6/out/server/src/server.js:7:6142)\n    at process.processImmediate (node:internal/timers:483:21)","timestamp":"2024-11-13T14:45:51.855Z"}
{"level":"info","message":"⌛ Validating src/panelistas.wlk","timeElapsed":101,"timestamp":"2024-11-13T14:45:51.962Z"}
{"level":"info","message":"⌛ Building environment","timeElapsed":285,"timestamp":"2024-11-13T14:45:52.318Z"}
{"level":"info","message":"⌛ Building environment","timeElapsed":327,"timestamp":"2024-11-13T14:45:52.647Z"}
{"level":"info","message":"⌛ Validating src/panelistas.wlk","timeElapsed":245,"timestamp":"2024-11-13T14:45:52.893Z"}
{"level":"info","message":"⌛ Building environment","timeElapsed":185,"timestamp":"2024-11-13T14:45:53.164Z"}
{"level":"info","message":"⌛ Validating src/panelistas.wlk","timeElapsed":145,"timestamp":"2024-11-13T14:45:53.310Z"}
{"level":"info","message":"⌛ Building environment","timeElapsed":115,"timestamp":"2024-11-13T14:45:53.524Z"}
{"level":"info","message":"⌛ Validating src/panelistas.wlk","timeElapsed":117,"timestamp":"2024-11-13T14:45:53.642Z"}
{"level":"info","message":"⌛ Validating src/panelistas.wlk","timeElapsed":118,"timestamp":"2024-11-13T14:45:53.765Z"}
{"level":"info","message":"⌛ Validating src/panelistas.wlk","timeElapsed":150,"timestamp":"2024-11-13T14:45:53.915Z"}
{"level":"info","message":"⌛ Validating src/panelistas.wlk","timeElapsed":218,"timestamp":"2024-11-13T14:45:54.134Z"}
{"level":"info","message":"⌛ Validating src/panelistas.wlk","timeElapsed":356,"timestamp":"2024-11-13T14:45:54.491Z"}
{"level":"info","message":"⌛ Validating src/panelistas.wlk","timeElapsed":253,"timestamp":"2024-11-13T14:45:54.792Z"}
{"level":"info","message":"⌛ Validating src/panelistas.wlk","timeElapsed":113,"timestamp":"2024-11-13T14:45:54.986Z"}
{"level":"info","message":"⌛ Validating src/panelistas.wlk","timeElapsed":125,"timestamp":"2024-11-13T14:45:55.202Z"}
{"level":"info","message":"⌛ Validating src/panelistas.wlk","timeElapsed":121,"timestamp":"2024-11-13T14:45:55.327Z"}
{"level":"info","message":"⌛ Validating src/panelistas.wlk","timeElapsed":216,"timestamp":"2024-11-13T14:45:55.544Z"}
{"level":"info","message":"⌛ Validating src/panelistas.wlk","timeElapsed":102,"timestamp":"2024-11-13T14:45:55.647Z"}
{"level":"info","message":"⌛ Validating src/panelistas.wlk","timeElapsed":106,"timestamp":"2024-11-13T14:45:55.753Z"}
{"level":"info","message":"⌛ Validating src/panelistas.wlk","timeElapsed":107,"timestamp":"2024-11-13T14:45:55.860Z"}
{"level":"info","message":"⌛ Building environment","timeElapsed":181,"timestamp":"2024-11-13T14:45:57.671Z"}
{"level":"info","message":"⌛ Building environment","timeElapsed":118,"timestamp":"2024-11-13T14:45:57.790Z"}
{"level":"info","message":"⌛ Validating src/panelistas.wlk","timeElapsed":142,"timestamp":"2024-11-13T14:45:57.933Z"}
{"level":"error","message":"✘ Completions for node failed: Error: [Parameter]{5beabd} at src/panelistas.wlk:47 exhausted all cases without a match [Parameter]{5beabd} at src/panelistas.wlk:47 exhausted all cases without a match","stack":"Error: [Parameter]{5beabd} at src/panelistas.wlk:47 exhausted all cases without a match\n    at /home/thiago/.vscode/extensions/uqbar.wollok-lsp-ide-0.3.6/out/server/src/server.js:38:6067\n    at yh (/home/thiago/.vscode/extensions/uqbar.wollok-lsp-ide-0.3.6/out/server/src/server.js:2291:42)\n    at /home/thiago/.vscode/extensions/uqbar.wollok-lsp-ide-0.3.6/out/server/src/server.js:2291:2700\n    at /home/thiago/.vscode/extensions/uqbar.wollok-lsp-ide-0.3.6/out/server/src/server.js:2298:3774\n    at /home/thiago/.vscode/extensions/uqbar.wollok-lsp-ide-0.3.6/out/server/src/server.js:37:74872\n    at Fe (/home/thiago/.vscode/extensions/uqbar.wollok-lsp-ide-0.3.6/out/server/src/server.js:7:8527)\n    at Pt (/home/thiago/.vscode/extensions/uqbar.wollok-lsp-ide-0.3.6/out/server/src/server.js:7:6189)\n    at Gi (/home/thiago/.vscode/extensions/uqbar.wollok-lsp-ide-0.3.6/out/server/src/server.js:7:6378)\n    at Immediate._onImmediate (/home/thiago/.vscode/extensions/uqbar.wollok-lsp-ide-0.3.6/out/server/src/server.js:7:6142)\n    at process.processImmediate (node:internal/timers:483:21)","timestamp":"2024-11-13T14:45:58.061Z"}
{"level":"info","message":"⌛ Validating src/panelistas.wlk","timeElapsed":133,"timestamp":"2024-11-13T14:45:58.198Z"}
{"level":"info","message":"⌛ Validating src/panelistas.wlk","timeElapsed":118,"timestamp":"2024-11-13T14:45:58.524Z"}
{"level":"info","message":"⌛ Building environment","timeElapsed":112,"timestamp":"2024-11-13T14:45:58.637Z"}
{"level":"info","message":"onRequest - completionItem/resolve","timestamp":"2024-11-13T14:45:58.638Z"}
{"level":"info","message":"onRequest - completionItem/resolve","timestamp":"2024-11-13T14:45:58.731Z"}
{"level":"info","message":"onRequest - completionItem/resolve","timestamp":"2024-11-13T14:45:58.819Z"}
{"level":"info","message":"⌛ Validating src/panelistas.wlk","timeElapsed":109,"timestamp":"2024-11-13T14:45:58.928Z"}
{"level":"info","message":"⌛ Building environment","timeElapsed":154,"timestamp":"2024-11-13T14:45:59.084Z"}
{"level":"info","message":"onRequest - completionItem/resolve","timestamp":"2024-11-13T14:45:59.098Z"}
{"level":"info","message":"⌛ Validating src/panelistas.wlk","timeElapsed":389,"timestamp":"2024-11-13T14:45:59.487Z"}
{"level":"info","message":"⌛ Building environment","timeElapsed":229,"timestamp":"2024-11-13T14:45:59.717Z"}
{"level":"info","message":"onRequest - completionItem/resolve","timestamp":"2024-11-13T14:45:59.718Z"}
{"level":"info","message":"⌛ Validating src/panelistas.wlk","timeElapsed":268,"timestamp":"2024-11-13T14:45:59.986Z"}
{"level":"info","message":"⌛ Validating src/panelistas.wlk","timeElapsed":102,"timestamp":"2024-11-13T14:46:00.176Z"}
{"level":"error","message":"✘ Completions for node failed: Error: [Parameter]{fb0775} at src/panelistas.wlk:47 exhausted all cases without a match [Parameter]{fb0775} at src/panelistas.wlk:47 exhausted all cases without a match","stack":"Error: [Parameter]{fb0775} at src/panelistas.wlk:47 exhausted all cases without a match\n    at /home/thiago/.vscode/extensions/uqbar.wollok-lsp-ide-0.3.6/out/server/src/server.js:38:6067\n    at yh (/home/thiago/.vscode/extensions/uqbar.wollok-lsp-ide-0.3.6/out/server/src/server.js:2291:42)\n    at /home/thiago/.vscode/extensions/uqbar.wollok-lsp-ide-0.3.6/out/server/src/server.js:2291:2700\n    at /home/thiago/.vscode/extensions/uqbar.wollok-lsp-ide-0.3.6/out/server/src/server.js:2298:3774\n    at /home/thiago/.vscode/extensions/uqbar.wollok-lsp-ide-0.3.6/out/server/src/server.js:37:74872\n    at Fe (/home/thiago/.vscode/extensions/uqbar.wollok-lsp-ide-0.3.6/out/server/src/server.js:7:8527)\n    at Pt (/home/thiago/.vscode/extensions/uqbar.wollok-lsp-ide-0.3.6/out/server/src/server.js:7:6189)\n    at Gi (/home/thiago/.vscode/extensions/uqbar.wollok-lsp-ide-0.3.6/out/server/src/server.js:7:6378)\n    at Immediate._onImmediate (/home/thiago/.vscode/extensions/uqbar.wollok-lsp-ide-0.3.6/out/server/src/server.js:7:6142)\n    at process.processImmediate (node:internal/timers:483:21)","timestamp":"2024-11-13T14:46:00.301Z"}
{"level":"info","message":"⌛ Validating src/panelistas.wlk","timeElapsed":109,"timestamp":"2024-11-13T14:46:00.413Z"}
{"level":"info","message":"⌛ Building environment","timeElapsed":109,"timestamp":"2024-11-13T14:46:00.614Z"}
{"level":"info","message":"⌛ Building environment","timeElapsed":131,"timestamp":"2024-11-13T14:46:00.754Z"}
{"level":"info","message":"⌛ Building environment","timeElapsed":226,"timestamp":"2024-11-13T14:46:00.982Z"}
{"level":"info","message":"⌛ Building environment","timeElapsed":236,"timestamp":"2024-11-13T14:46:01.234Z"}
{"level":"info","message":"⌛ Building environment","timeElapsed":175,"timestamp":"2024-11-13T14:46:01.411Z"}
{"level":"info","message":"⌛ Building environment","timeElapsed":111,"timestamp":"2024-11-13T14:46:01.522Z"}
{"level":"info","message":"⌛ Validating src/panelistas.wlk","timeElapsed":112,"timestamp":"2024-11-13T14:46:01.635Z"}
{"level":"info","message":"⌛ Validating src/panelistas.wlk","timeElapsed":120,"timestamp":"2024-11-13T14:46:01.758Z"}
{"level":"info","message":"⌛ Validating src/panelistas.wlk","timeElapsed":232,"timestamp":"2024-11-13T14:46:01.992Z"}
{"level":"info","message":"⌛ Validating src/panelistas.wlk","timeElapsed":126,"timestamp":"2024-11-13T14:46:02.119Z"}
{"level":"info","message":"⌛ Validating src/panelistas.wlk","timeElapsed":293,"timestamp":"2024-11-13T14:46:02.412Z"}
{"level":"info","message":"⌛ Validating src/panelistas.wlk","timeElapsed":114,"timestamp":"2024-11-13T14:46:02.527Z"}
{"level":"info","message":"⌛ Validating src/panelistas.wlk","timeElapsed":108,"timestamp":"2024-11-13T14:46:02.635Z"}
{"level":"info","message":"⌛ Validating src/panelistas.wlk","timeElapsed":102,"timestamp":"2024-11-13T14:46:02.739Z"}
{"level":"info","message":"⌛ Building environment","timeElapsed":224,"timestamp":"2024-11-13T14:46:03.445Z"}
{"level":"info","message":"⌛ Validating src/panelistas.wlk","timeElapsed":155,"timestamp":"2024-11-13T14:46:03.603Z"}
{"level":"info","message":"⌛ Building environment","timeElapsed":216,"timestamp":"2024-11-13T14:46:12.598Z"}
{"level":"info","message":"⌛ Building environment","timeElapsed":241,"timestamp":"2024-11-13T14:46:12.841Z"}
{"level":"info","message":"⌛ Validating src/panelistas.wlk","timeElapsed":170,"timestamp":"2024-11-13T14:46:13.012Z"}
{"level":"info","message":"⌛ Building environment","timeElapsed":137,"timestamp":"2024-11-13T14:46:13.150Z"}
{"level":"info","message":"⌛ Validating src/panelistas.wlk","timeElapsed":270,"timestamp":"2024-11-13T14:46:13.421Z"}
{"level":"info","message":"⌛ Validating src/panelistas.wlk","timeElapsed":113,"timestamp":"2024-11-13T14:46:13.534Z"}
{"level":"info","message":"⌛ Building environment","timeElapsed":186,"timestamp":"2024-11-13T14:46:14.386Z"}
{"level":"info","message":"⌛ Validating src/panelistas.wlk","timeElapsed":209,"timestamp":"2024-11-13T14:46:14.597Z"}
{"level":"info","message":"⌛ Building environment","timeElapsed":213,"timestamp":"2024-11-13T14:46:35.576Z"}
{"level":"info","message":"⌛ Building environment","timeElapsed":203,"timestamp":"2024-11-13T14:46:35.799Z"}
{"level":"info","message":"⌛ Validating src/tematicas.wlk","timeElapsed":121,"timestamp":"2024-11-13T14:46:35.937Z"}
{"level":"info","message":"⌛ Validating src/tematicas.wlk","timeElapsed":110,"timestamp":"2024-11-13T14:46:36.129Z"}
{"level":"info","message":"⌛ Building environment","timeElapsed":220,"timestamp":"2024-11-13T14:46:46.825Z"}
{"level":"info","message":"⌛ Validating src/tematicas.wlk","timeElapsed":371,"timestamp":"2024-11-13T14:46:47.200Z"}
{"level":"info","message":"⌛ Building environment","timeElapsed":214,"timestamp":"2024-11-13T14:46:48.868Z"}
{"level":"info","message":"⌛ Validating src/tematicas.wlk","timeElapsed":311,"timestamp":"2024-11-13T14:46:49.246Z"}
{"level":"info","message":"⌛ Building environment","timeElapsed":220,"timestamp":"2024-11-13T14:47:17.335Z"}
{"level":"info","message":"⌛ Validating src/panelistas.wlk","timeElapsed":151,"timestamp":"2024-11-13T14:47:17.489Z"}
{"level":"info","message":"⌛ Building environment","timeElapsed":226,"timestamp":"2024-11-13T14:47:17.909Z"}
{"level":"info","message":"⌛ Building environment","timeElapsed":218,"timestamp":"2024-11-13T14:47:18.129Z"}
{"level":"info","message":"⌛ Building environment","timeElapsed":137,"timestamp":"2024-11-13T14:47:18.268Z"}
{"level":"info","message":"⌛ Validating src/panelistas.wlk","timeElapsed":128,"timestamp":"2024-11-13T14:47:18.397Z"}
{"level":"info","message":"⌛ Building environment","timeElapsed":210,"timestamp":"2024-11-13T14:47:18.608Z"}
{"level":"info","message":"⌛ Validating src/panelistas.wlk","timeElapsed":167,"timestamp":"2024-11-13T14:47:18.777Z"}
{"level":"info","message":"⌛ Building environment","timeElapsed":143,"timestamp":"2024-11-13T14:47:18.996Z"}
{"level":"info","message":"⌛ Validating src/panelistas.wlk","timeElapsed":267,"timestamp":"2024-11-13T14:47:19.264Z"}
{"level":"info","message":"⌛ Building environment","timeElapsed":107,"timestamp":"2024-11-13T14:47:19.374Z"}
{"level":"info","message":"⌛ Building environment","timeElapsed":175,"timestamp":"2024-11-13T14:47:19.568Z"}
{"level":"info","message":"⌛ Validating src/panelistas.wlk","timeElapsed":129,"timestamp":"2024-11-13T14:47:19.708Z"}
{"level":"info","message":"⌛ Validating src/panelistas.wlk","timeElapsed":119,"timestamp":"2024-11-13T14:47:20.014Z"}
{"level":"info","message":"⌛ Building environment","timeElapsed":174,"timestamp":"2024-11-13T14:47:20.190Z"}
{"level":"info","message":"⌛ Building environment","timeElapsed":173,"timestamp":"2024-11-13T14:47:20.381Z"}
{"level":"info","message":"⌛ Validating src/panelistas.wlk","timeElapsed":263,"timestamp":"2024-11-13T14:47:20.659Z"}
{"level":"info","message":"⌛ Building environment","timeElapsed":190,"timestamp":"2024-11-13T14:47:21.038Z"}
{"level":"info","message":"⌛ Building environment","timeElapsed":282,"timestamp":"2024-11-13T14:47:21.322Z"}
{"level":"info","message":"⌛ Building environment","timeElapsed":178,"timestamp":"2024-11-13T14:47:21.502Z"}
{"level":"info","message":"⌛ Validating src/panelistas.wlk","timeElapsed":141,"timestamp":"2024-11-13T14:47:21.643Z"}
{"level":"info","message":"⌛ Building environment","timeElapsed":135,"timestamp":"2024-11-13T14:47:21.956Z"}
{"level":"info","message":"⌛ Validating src/panelistas.wlk","timeElapsed":159,"timestamp":"2024-11-13T14:47:22.129Z"}
{"level":"info","message":"⌛ Building environment","timeElapsed":211,"timestamp":"2024-11-13T14:47:22.342Z"}
{"level":"info","message":"⌛ Building environment","timeElapsed":163,"timestamp":"2024-11-13T14:47:22.506Z"}
{"level":"info","message":"⌛ Validating src/panelistas.wlk","timeElapsed":214,"timestamp":"2024-11-13T14:47:22.720Z"}
{"level":"info","message":"⌛ Validating src/panelistas.wlk","timeElapsed":128,"timestamp":"2024-11-13T14:47:23.025Z"}
{"level":"info","message":"⌛ Building environment","timeElapsed":112,"timestamp":"2024-11-13T14:47:23.138Z"}
{"level":"info","message":"⌛ Building environment","timeElapsed":113,"timestamp":"2024-11-13T14:47:23.252Z"}
{"level":"info","message":"⌛ Building environment","timeElapsed":134,"timestamp":"2024-11-13T14:47:23.386Z"}
{"level":"info","message":"⌛ Validating src/panelistas.wlk","timeElapsed":223,"timestamp":"2024-11-13T14:47:23.611Z"}
{"level":"info","message":"⌛ Building environment","timeElapsed":124,"timestamp":"2024-11-13T14:47:23.736Z"}
{"level":"info","message":"⌛ Building environment","timeElapsed":118,"timestamp":"2024-11-13T14:47:23.873Z"}
{"level":"info","message":"⌛ Validating src/panelistas.wlk","timeElapsed":125,"timestamp":"2024-11-13T14:47:24.005Z"}
{"level":"info","message":"⌛ Building environment","timeElapsed":154,"timestamp":"2024-11-13T14:47:24.159Z"}
{"level":"info","message":"⌛ Building environment","timeElapsed":195,"timestamp":"2024-11-13T14:47:24.355Z"}
{"level":"info","message":"⌛ Building environment","timeElapsed":115,"timestamp":"2024-11-13T14:47:24.472Z"}
{"level":"info","message":"⌛ Validating src/panelistas.wlk","timeElapsed":103,"timestamp":"2024-11-13T14:47:24.754Z"}
{"level":"info","message":"⌛ Building environment","timeElapsed":197,"timestamp":"2024-11-13T14:47:25.044Z"}
{"level":"info","message":"⌛ Building environment","timeElapsed":187,"timestamp":"2024-11-13T14:47:25.233Z"}
{"level":"info","message":"⌛ Validating src/panelistas.wlk","timeElapsed":221,"timestamp":"2024-11-13T14:47:25.455Z"}
{"level":"info","message":"⌛ Building environment","timeElapsed":104,"timestamp":"2024-11-13T14:47:25.647Z"}
{"level":"info","message":"⌛ Validating src/panelistas.wlk","timeElapsed":127,"timestamp":"2024-11-13T14:47:25.775Z"}
{"level":"info","message":"⌛ Building environment","timeElapsed":128,"timestamp":"2024-11-13T14:47:26.245Z"}
{"level":"info","message":"⌛ Validating src/panelistas.wlk","timeElapsed":160,"timestamp":"2024-11-13T14:47:26.406Z"}
{"level":"info","message":"⌛ Validating src/panelistas.wlk","timeElapsed":386,"timestamp":"2024-11-13T14:47:26.944Z"}
{"level":"info","message":"⌛ Building environment","timeElapsed":231,"timestamp":"2024-11-13T14:47:27.177Z"}
{"level":"info","message":"⌛ Building environment","timeElapsed":108,"timestamp":"2024-11-13T14:47:27.286Z"}
{"level":"info","message":"⌛ Building environment","timeElapsed":115,"timestamp":"2024-11-13T14:47:27.496Z"}
{"level":"info","message":"⌛ Validating src/panelistas.wlk","timeElapsed":134,"timestamp":"2024-11-13T14:47:27.631Z"}
{"level":"info","message":"⌛ Building environment","timeElapsed":147,"timestamp":"2024-11-13T14:47:27.851Z"}
{"level":"info","message":"⌛ Validating src/panelistas.wlk","timeElapsed":159,"timestamp":"2024-11-13T14:47:28.011Z"}
{"level":"info","message":"⌛ Building environment","timeElapsed":192,"timestamp":"2024-11-13T14:47:28.204Z"}
{"level":"info","message":"⌛ Building environment","timeElapsed":142,"timestamp":"2024-11-13T14:47:28.348Z"}
{"level":"info","message":"⌛ Validating src/panelistas.wlk","timeElapsed":127,"timestamp":"2024-11-13T14:47:28.476Z"}
{"level":"info","message":"⌛ Building environment","timeElapsed":139,"timestamp":"2024-11-13T14:47:28.616Z"}
{"level":"info","message":"⌛ Validating src/panelistas.wlk","timeElapsed":178,"timestamp":"2024-11-13T14:47:28.795Z"}
{"level":"info","message":"⌛ Building environment","timeElapsed":168,"timestamp":"2024-11-13T14:47:29.118Z"}
{"level":"info","message":"⌛ Validating src/panelistas.wlk","timeElapsed":163,"timestamp":"2024-11-13T14:47:29.292Z"}
{"level":"info","message":"⌛ Validating src/panelistas.wlk","timeElapsed":224,"timestamp":"2024-11-13T14:47:29.595Z"}
{"level":"info","message":"⌛ Building environment","timeElapsed":176,"timestamp":"2024-11-13T14:47:29.773Z"}
{"level":"info","message":"⌛ Validating src/panelistas.wlk","timeElapsed":148,"timestamp":"2024-11-13T14:47:29.932Z"}
{"level":"info","message":"⌛ Validating src/panelistas.wlk","timeElapsed":227,"timestamp":"2024-11-13T14:47:30.249Z"}
{"level":"info","message":"⌛ Validating src/panelistas.wlk","timeElapsed":227,"timestamp":"2024-11-13T14:47:30.561Z"}
{"level":"info","message":"⌛ Validating src/panelistas.wlk","timeElapsed":103,"timestamp":"2024-11-13T14:47:30.827Z"}
{"level":"info","message":"⌛ Building environment","timeElapsed":126,"timestamp":"2024-11-13T14:47:30.954Z"}
{"level":"info","message":"⌛ Validating src/panelistas.wlk","timeElapsed":169,"timestamp":"2024-11-13T14:47:31.136Z"}
{"level":"info","message":"⌛ Validating src/panelistas.wlk","timeElapsed":154,"timestamp":"2024-11-13T14:47:31.536Z"}
{"level":"info","message":"⌛ Validating src/panelistas.wlk","timeElapsed":146,"timestamp":"2024-11-13T14:47:31.683Z"}
{"level":"info","message":"⌛ Building environment","timeElapsed":160,"timestamp":"2024-11-13T14:47:31.845Z"}
{"level":"info","message":"⌛ Validating src/panelistas.wlk","timeElapsed":143,"timestamp":"2024-11-13T14:47:32.020Z"}
{"level":"info","message":"⌛ Building environment","timeElapsed":132,"timestamp":"2024-11-13T14:47:32.153Z"}
{"level":"info","message":"⌛ Validating src/panelistas.wlk","timeElapsed":196,"timestamp":"2024-11-13T14:47:32.363Z"}
{"level":"info","message":"⌛ Building environment","timeElapsed":236,"timestamp":"2024-11-13T14:47:32.601Z"}
{"level":"info","message":"⌛ Building environment","timeElapsed":207,"timestamp":"2024-11-13T14:47:32.813Z"}
{"level":"info","message":"⌛ Validating src/panelistas.wlk","timeElapsed":113,"timestamp":"2024-11-13T14:47:33.109Z"}
{"level":"info","message":"⌛ Validating src/panelistas.wlk","timeElapsed":117,"timestamp":"2024-11-13T14:47:33.305Z"}
{"level":"info","message":"⌛ Validating src/panelistas.wlk","timeElapsed":104,"timestamp":"2024-11-13T14:47:33.487Z"}
{"level":"info","message":"⌛ Validating src/panelistas.wlk","timeElapsed":101,"timestamp":"2024-11-13T14:47:33.588Z"}
{"level":"info","message":"⌛ Validating src/panelistas.wlk","timeElapsed":101,"timestamp":"2024-11-13T14:47:34.213Z"}
{"level":"info","message":"⌛ Validating src/panelistas.wlk","timeElapsed":164,"timestamp":"2024-11-13T14:47:34.888Z"}
{"level":"info","message":"⌛ Validating src/panelistas.wlk","timeElapsed":112,"timestamp":"2024-11-13T14:47:35.337Z"}
{"level":"info","message":"⌛ Building environment","timeElapsed":193,"timestamp":"2024-11-13T14:47:35.532Z"}
{"level":"info","message":"⌛ Validating src/panelistas.wlk","timeElapsed":177,"timestamp":"2024-11-13T14:47:35.723Z"}
{"level":"info","message":"⌛ Building environment","timeElapsed":124,"timestamp":"2024-11-13T14:47:35.941Z"}
{"level":"info","message":"⌛ Building environment","timeElapsed":212,"timestamp":"2024-11-13T14:47:36.155Z"}
{"level":"info","message":"⌛ Validating src/panelistas.wlk","timeElapsed":153,"timestamp":"2024-11-13T14:47:36.309Z"}
{"level":"info","message":"⌛ Building environment","timeElapsed":154,"timestamp":"2024-11-13T14:47:36.465Z"}
{"level":"info","message":"⌛ Building environment","timeElapsed":122,"timestamp":"2024-11-13T14:47:36.600Z"}
{"level":"info","message":"⌛ Validating src/panelistas.wlk","timeElapsed":116,"timestamp":"2024-11-13T14:47:36.722Z"}
{"level":"info","message":"⌛ Validating src/panelistas.wlk","timeElapsed":121,"timestamp":"2024-11-13T14:47:36.843Z"}
{"level":"info","message":"⌛ Validating src/panelistas.wlk","timeElapsed":158,"timestamp":"2024-11-13T14:47:37.006Z"}
{"level":"info","message":"⌛ Building environment","timeElapsed":178,"timestamp":"2024-11-13T14:47:37.185Z"}
{"level":"info","message":"⌛ Building environment","timeElapsed":171,"timestamp":"2024-11-13T14:47:37.357Z"}
{"level":"info","message":"⌛ Building environment","timeElapsed":164,"timestamp":"2024-11-13T14:47:37.523Z"}
{"level":"info","message":"⌛ Validating src/panelistas.wlk","timeElapsed":196,"timestamp":"2024-11-13T14:47:37.720Z"}
{"level":"info","message":"⌛ Building environment","timeElapsed":171,"timestamp":"2024-11-13T14:47:37.993Z"}
{"level":"info","message":"⌛ Building environment","timeElapsed":117,"timestamp":"2024-11-13T14:47:38.123Z"}
{"level":"info","message":"⌛ Building environment","timeElapsed":112,"timestamp":"2024-11-13T14:47:38.431Z"}
{"level":"info","message":"⌛ Validating src/panelistas.wlk","timeElapsed":225,"timestamp":"2024-11-13T14:47:38.848Z"}
{"level":"info","message":"⌛ Building environment","timeElapsed":174,"timestamp":"2024-11-13T14:47:39.097Z"}
{"level":"info","message":"⌛ Building environment","timeElapsed":108,"timestamp":"2024-11-13T14:47:39.217Z"}
{"level":"info","message":"⌛ Validating src/panelistas.wlk","timeElapsed":210,"timestamp":"2024-11-13T14:47:39.435Z"}
{"level":"info","message":"⌛ Building environment","timeElapsed":135,"timestamp":"2024-11-13T14:47:39.760Z"}
{"level":"info","message":"⌛ Validating src/panelistas.wlk","timeElapsed":255,"timestamp":"2024-11-13T14:47:40.017Z"}
{"level":"info","message":"⌛ Building environment","timeElapsed":101,"timestamp":"2024-11-13T14:47:40.121Z"}
{"level":"info","message":"⌛ Validating src/panelistas.wlk","timeElapsed":213,"timestamp":"2024-11-13T14:47:40.339Z"}
{"level":"info","message":"⌛ Validating src/panelistas.wlk","timeElapsed":450,"timestamp":"2024-11-13T14:47:40.791Z"}
{"level":"info","message":"⌛ Building environment","timeElapsed":349,"timestamp":"2024-11-13T14:47:41.141Z"}
{"level":"info","message":"⌛ Validating src/panelistas.wlk","timeElapsed":200,"timestamp":"2024-11-13T14:47:41.354Z"}
{"level":"info","message":"⌛ Building environment","timeElapsed":103,"timestamp":"2024-11-13T14:47:41.705Z"}
{"level":"info","message":"⌛ Building environment","timeElapsed":124,"timestamp":"2024-11-13T14:47:41.830Z"}
{"level":"info","message":"⌛ Validating src/panelistas.wlk","timeElapsed":174,"timestamp":"2024-11-13T14:47:42.004Z"}
{"level":"info","message":"⌛ Building environment","timeElapsed":164,"timestamp":"2024-11-13T14:47:42.171Z"}
{"level":"info","message":"⌛ Building environment","timeElapsed":168,"timestamp":"2024-11-13T14:47:42.432Z"}
{"level":"info","message":"⌛ Validating src/panelistas.wlk","timeElapsed":166,"timestamp":"2024-11-13T14:47:42.610Z"}
{"level":"info","message":"⌛ Building environment","timeElapsed":128,"timestamp":"2024-11-13T14:47:42.739Z"}
{"level":"info","message":"⌛ Building environment","timeElapsed":164,"timestamp":"2024-11-13T14:47:42.905Z"}
{"level":"info","message":"⌛ Building environment","timeElapsed":111,"timestamp":"2024-11-13T14:47:43.018Z"}
{"level":"info","message":"⌛ Building environment","timeElapsed":117,"timestamp":"2024-11-13T14:47:43.136Z"}
{"level":"info","message":"⌛ Building environment","timeElapsed":136,"timestamp":"2024-11-13T14:47:43.273Z"}
{"level":"info","message":"⌛ Validating src/panelistas.wlk","timeElapsed":238,"timestamp":"2024-11-13T14:47:43.513Z"}
{"level":"info","message":"⌛ Building environment","timeElapsed":132,"timestamp":"2024-11-13T14:47:44.141Z"}
{"level":"info","message":"⌛ Validating src/panelistas.wlk","timeElapsed":101,"timestamp":"2024-11-13T14:47:44.248Z"}
{"level":"info","message":"⌛ Building environment","timeElapsed":179,"timestamp":"2024-11-13T14:47:44.427Z"}
{"level":"info","message":"⌛ Building environment","timeElapsed":147,"timestamp":"2024-11-13T14:47:44.576Z"}
{"level":"info","message":"⌛ Validating src/panelistas.wlk","timeElapsed":103,"timestamp":"2024-11-13T14:47:44.680Z"}
{"level":"info","message":"⌛ Building environment","timeElapsed":208,"timestamp":"2024-11-13T14:47:45.147Z"}
{"level":"info","message":"⌛ Building environment","timeElapsed":120,"timestamp":"2024-11-13T14:47:45.268Z"}
{"level":"info","message":"⌛ Validating src/panelistas.wlk","timeElapsed":233,"timestamp":"2024-11-13T14:47:45.872Z"}
{"level":"info","message":"⌛ Validating src/panelistas.wlk","timeElapsed":120,"timestamp":"2024-11-13T14:47:45.992Z"}
{"level":"info","message":"⌛ Validating src/panelistas.wlk","timeElapsed":210,"timestamp":"2024-11-13T14:47:46.481Z"}
{"level":"info","message":"⌛ Validating src/panelistas.wlk","timeElapsed":154,"timestamp":"2024-11-13T14:47:46.636Z"}
{"level":"info","message":"⌛ Validating src/panelistas.wlk","timeElapsed":154,"timestamp":"2024-11-13T14:47:46.791Z"}
{"level":"info","message":"⌛ Validating src/panelistas.wlk","timeElapsed":159,"timestamp":"2024-11-13T14:47:46.950Z"}
{"level":"info","message":"⌛ Validating src/panelistas.wlk","timeElapsed":159,"timestamp":"2024-11-13T14:47:47.111Z"}
{"level":"info","message":"⌛ Validating src/panelistas.wlk","timeElapsed":208,"timestamp":"2024-11-13T14:47:47.494Z"}
{"level":"info","message":"⌛ Validating src/panelistas.wlk","timeElapsed":194,"timestamp":"2024-11-13T14:47:48.532Z"}
{"level":"info","message":"⌛ Validating src/panelistas.wlk","timeElapsed":215,"timestamp":"2024-11-13T14:47:50.021Z"}
{"level":"info","message":"⌛ Validating src/panelistas.wlk","timeElapsed":216,"timestamp":"2024-11-13T14:47:50.331Z"}
{"level":"info","message":"⌛ Validating src/panelistas.wlk","timeElapsed":210,"timestamp":"2024-11-13T14:47:50.542Z"}
{"level":"info","message":"⌛ Validating src/panelistas.wlk","timeElapsed":134,"timestamp":"2024-11-13T14:47:51.183Z"}
{"level":"info","message":"⌛ Validating src/panelistas.wlk","timeElapsed":200,"timestamp":"2024-11-13T14:47:51.384Z"}
